2022/03/04 18:16:47 [error] 2018#0: r3.o.lencr.org could not be resolved (110: Operation timed out) while requesting certificate status, responder: r3.o.lencr.org, certificate: "/etc/letsencrypt/live/redmine.edtereza.com.br/fullchain.pem"
2022/03/05 03:27:48 [error] 2018#0: r3.o.lencr.org could not be resolved (110: Operation timed out) while requesting certificate status, responder: r3.o.lencr.org, certificate: "/etc/letsencrypt/live/redmine.edtereza.com.br/fullchain.pem"
2022/03/05 18:01:57 [error] 2018#0: r3.o.lencr.org could not be resolved (110: Operation timed out) while requesting certificate status, responder: r3.o.lencr.org, certificate: "/etc/letsencrypt/live/redmine.edtereza.com.br/fullchain.pem"
2022/03/05 18:09:20 [error] 2018#0: r3.o.lencr.org could not be resolved (110: Operation timed out) while requesting certificate status, responder: r3.o.lencr.org, certificate: "/etc/letsencrypt/live/redmine.edtereza.com.br/fullchain.pem"
2022/03/07 00:44:46 [error] 2018#0: r3.o.lencr.org could not be resolved (110: Operation timed out) while requesting certificate status, responder: r3.o.lencr.org, certificate: "/etc/letsencrypt/live/redmine.edtereza.com.br/fullchain.pem"
2022/03/07 01:26:47 [error] 2018#0: r3.o.lencr.org could not be resolved (110: Operation timed out) while requesting certificate status, responder: r3.o.lencr.org, certificate: "/etc/letsencrypt/live/redmine.edtereza.com.br/fullchain.pem"
2022/03/08 15:25:57 [error] 2018#0: r3.o.lencr.org could not be resolved (110: Operation timed out) while requesting certificate status, responder: r3.o.lencr.org, certificate: "/etc/letsencrypt/live/redmine.edtereza.com.br/fullchain.pem"
2022/03/09 07:15:26 [error] 2018#0: r3.o.lencr.org could not be resolved (110: Operation timed out) while requesting certificate status, responder: r3.o.lencr.org, certificate: "/etc/letsencrypt/live/redmine.edtereza.com.br/fullchain.pem"
2022/03/09 07:34:58 [error] 2018#0: r3.o.lencr.org could not be resolved (110: Operation timed out) while requesting certificate status, responder: r3.o.lencr.org, certificate: "/etc/letsencrypt/live/redmine.edtereza.com.br/fullchain.pem"
2022/03/09 15:45:30 [error] 2018#0: r3.o.lencr.org could not be resolved (110: Operation timed out) while requesting certificate status, responder: r3.o.lencr.org, certificate: "/etc/letsencrypt/live/redmine.edtereza.com.br/fullchain.pem"
2022/03/10 01:02:39 [error] 2018#0: r3.o.lencr.org could not be resolved (110: Operation timed out) while requesting certificate status, responder: r3.o.lencr.org, certificate: "/etc/letsencrypt/live/redmine.edtereza.com.br/fullchain.pem"
2022/03/10 12:22:40 [error] 2018#0: r3.o.lencr.org could not be resolved (110: Operation timed out) while requesting certificate status, responder: r3.o.lencr.org, certificate: "/etc/letsencrypt/live/redmine.edtereza.com.br/fullchain.pem"
2022/03/11 01:37:34 [error] 2018#0: r3.o.lencr.org could not be resolved (110: Operation timed out) while requesting certificate status, responder: r3.o.lencr.org, certificate: "/etc/letsencrypt/live/redmine.edtereza.com.br/fullchain.pem"
2022/03/11 12:15:29 [error] 2018#0: r3.o.lencr.org could not be resolved (110: Operation timed out) while requesting certificate status, responder: r3.o.lencr.org, certificate: "/etc/letsencrypt/live/redmine.edtereza.com.br/fullchain.pem"
2022/03/12 15:19:18 [error] 2018#0: r3.o.lencr.org could not be resolved (110: Operation timed out) while requesting certificate status, responder: r3.o.lencr.org, certificate: "/etc/letsencrypt/live/redmine.edtereza.com.br/fullchain.pem"
2022/03/12 19:00:23 [error] 2018#0: r3.o.lencr.org could not be resolved (110: Operation timed out) while requesting certificate status, responder: r3.o.lencr.org, certificate: "/etc/letsencrypt/live/redmine.edtereza.com.br/fullchain.pem"
2022/03/13 01:05:41 [error] 2018#0: r3.o.lencr.org could not be resolved (110: Operation timed out) while requesting certificate status, responder: r3.o.lencr.org, certificate: "/etc/letsencrypt/live/redmine.edtereza.com.br/fullchain.pem"
2022/03/13 03:33:30 [error] 2018#0: r3.o.lencr.org could not be resolved (110: Operation timed out) while requesting certificate status, responder: r3.o.lencr.org, certificate: "/etc/letsencrypt/live/redmine.edtereza.com.br/fullchain.pem"
2022/03/13 14:59:39 [error] 2018#0: r3.o.lencr.org could not be resolved (110: Operation timed out) while requesting certificate status, responder: r3.o.lencr.org, certificate: "/etc/letsencrypt/live/redmine.edtereza.com.br/fullchain.pem"
2022/03/13 20:09:52 [error] 2018#0: r3.o.lencr.org could not be resolved (110: Operation timed out) while requesting certificate status, responder: r3.o.lencr.org, certificate: "/etc/letsencrypt/live/redmine.edtereza.com.br/fullchain.pem"
2022/03/13 22:54:45 [error] 2018#0: r3.o.lencr.org could not be resolved (110: Operation timed out) while requesting certificate status, responder: r3.o.lencr.org, certificate: "/etc/letsencrypt/live/redmine.edtereza.com.br/fullchain.pem"
2022/03/13 23:00:01 [error] 2018#0: r3.o.lencr.org could not be resolved (110: Operation timed out) while requesting certificate status, responder: r3.o.lencr.org, certificate: "/etc/letsencrypt/live/redmine.edtereza.com.br/fullchain.pem"
2022/03/14 01:32:48 [error] 2018#0: r3.o.lencr.org could not be resolved (110: Operation timed out) while requesting certificate status, responder: r3.o.lencr.org, certificate: "/etc/letsencrypt/live/redmine.edtereza.com.br/fullchain.pem"
2022/03/14 01:46:33 [error] 2018#0: r3.o.lencr.org could not be resolved (110: Operation timed out) while requesting certificate status, responder: r3.o.lencr.org, certificate: "/etc/letsencrypt/live/redmine.edtereza.com.br/fullchain.pem"
2022/03/14 16:33:07 [error] 2018#0: r3.o.lencr.org could not be resolved (110: Operation timed out) while requesting certificate status, responder: r3.o.lencr.org, certificate: "/etc/letsencrypt/live/redmine.edtereza.com.br/fullchain.pem"
2022/03/14 19:35:32 [error] 2018#0: r3.o.lencr.org could not be resolved (110: Operation timed out) while requesting certificate status, responder: r3.o.lencr.org, certificate: "/etc/letsencrypt/live/redmine.edtereza.com.br/fullchain.pem"
2022/03/15 18:28:23 [error] 2018#0: r3.o.lencr.org could not be resolved (110: Operation timed out) while requesting certificate status, responder: r3.o.lencr.org, certificate: "/etc/letsencrypt/live/redmine.edtereza.com.br/fullchain.pem"
2022/03/15 19:46:52 [error] 2018#0: r3.o.lencr.org could not be resolved (110: Operation timed out) while requesting certificate status, responder: r3.o.lencr.org, certificate: "/etc/letsencrypt/live/redmine.edtereza.com.br/fullchain.pem"
2022/03/16 00:03:39 [error] 2018#0: r3.o.lencr.org could not be resolved (110: Operation timed out) while requesting certificate status, responder: r3.o.lencr.org, certificate: "/etc/letsencrypt/live/redmine.edtereza.com.br/fullchain.pem"
2022/03/16 14:30:58 [error] 2018#0: r3.o.lencr.org could not be resolved (110: Operation timed out) while requesting certificate status, responder: r3.o.lencr.org, certificate: "/etc/letsencrypt/live/redmine.edtereza.com.br/fullchain.pem"
2022/03/16 14:39:19 [error] 2018#0: r3.o.lencr.org could not be resolved (110: Operation timed out) while requesting certificate status, responder: r3.o.lencr.org, certificate: "/etc/letsencrypt/live/redmine.edtereza.com.br/fullchain.pem"
2022/03/17 16:13:16 [error] 2018#0: r3.o.lencr.org could not be resolved (110: Operation timed out) while requesting certificate status, responder: r3.o.lencr.org, certificate: "/etc/letsencrypt/live/redmine.edtereza.com.br/fullchain.pem"
2022/03/17 19:10:20 [error] 2018#0: r3.o.lencr.org could not be resolved (110: Operation timed out) while requesting certificate status, responder: r3.o.lencr.org, certificate: "/etc/letsencrypt/live/redmine.edtereza.com.br/fullchain.pem"
2022/03/17 19:25:59 [error] 2018#0: r3.o.lencr.org could not be resolved (110: Operation timed out) while requesting certificate status, responder: r3.o.lencr.org, certificate: "/etc/letsencrypt/live/redmine.edtereza.com.br/fullchain.pem"
2022/03/17 22:14:49 [error] 2018#0: r3.o.lencr.org could not be resolved (110: Operation timed out) while requesting certificate status, responder: r3.o.lencr.org, certificate: "/etc/letsencrypt/live/redmine.edtereza.com.br/fullchain.pem"
2022/03/17 22:21:14 [error] 2018#0: r3.o.lencr.org could not be resolved (110: Operation timed out) while requesting certificate status, responder: r3.o.lencr.org, certificate: "/etc/letsencrypt/live/redmine.edtereza.com.br/fullchain.pem"
2022/03/18 01:11:48 [error] 2018#0: r3.o.lencr.org could not be resolved (110: Operation timed out) while requesting certificate status, responder: r3.o.lencr.org, certificate: "/etc/letsencrypt/live/redmine.edtereza.com.br/fullchain.pem"
2022/03/18 01:54:44 [error] 2018#0: r3.o.lencr.org could not be resolved (110: Operation timed out) while requesting certificate status, responder: r3.o.lencr.org, certificate: "/etc/letsencrypt/live/redmine.edtereza.com.br/fullchain.pem"
2022/03/18 06:24:03 [error] 2018#0: r3.o.lencr.org could not be resolved (110: Operation timed out) while requesting certificate status, responder: r3.o.lencr.org, certificate: "/etc/letsencrypt/live/redmine.edtereza.com.br/fullchain.pem"
2022/03/18 19:35:58 [error] 2018#0: r3.o.lencr.org could not be resolved (110: Operation timed out) while requesting certificate status, responder: r3.o.lencr.org, certificate: "/etc/letsencrypt/live/redmine.edtereza.com.br/fullchain.pem"
2022/03/20 10:56:56 [error] 2018#0: r3.o.lencr.org could not be resolved (110: Operation timed out) while requesting certificate status, responder: r3.o.lencr.org, certificate: "/etc/letsencrypt/live/redmine.edtereza.com.br/fullchain.pem"
2022/03/20 11:30:40 [error] 2018#0: r3.o.lencr.org could not be resolved (110: Operation timed out) while requesting certificate status, responder: r3.o.lencr.org, certificate: "/etc/letsencrypt/live/redmine.edtereza.com.br/fullchain.pem"
2022/03/23 10:09:52 [error] 2018#0: r3.o.lencr.org could not be resolved (110: Operation timed out) while requesting certificate status, responder: r3.o.lencr.org, certificate: "/etc/letsencrypt/live/redmine.edtereza.com.br/fullchain.pem"
2022/03/23 10:20:05 [error] 2018#0: r3.o.lencr.org could not be resolved (110: Operation timed out) while requesting certificate status, responder: r3.o.lencr.org, certificate: "/etc/letsencrypt/live/redmine.edtereza.com.br/fullchain.pem"
2022/03/23 18:15:08 [error] 2018#0: r3.o.lencr.org could not be resolved (110: Operation timed out) while requesting certificate status, responder: r3.o.lencr.org, certificate: "/etc/letsencrypt/live/redmine.edtereza.com.br/fullchain.pem"
2022/03/23 18:41:21 [error] 2018#0: r3.o.lencr.org could not be resolved (110: Operation timed out) while requesting certificate status, responder: r3.o.lencr.org, certificate: "/etc/letsencrypt/live/redmine.edtereza.com.br/fullchain.pem"
2022/03/24 12:23:55 [error] 2018#0: r3.o.lencr.org could not be resolved (110: Operation timed out) while requesting certificate status, responder: r3.o.lencr.org, certificate: "/etc/letsencrypt/live/redmine.edtereza.com.br/fullchain.pem"
2022/03/24 17:17:09 [error] 2018#0: r3.o.lencr.org could not be resolved (110: Operation timed out) while requesting certificate status, responder: r3.o.lencr.org, certificate: "/etc/letsencrypt/live/redmine.edtereza.com.br/fullchain.pem"
2022/03/24 19:41:28 [error] 2018#0: r3.o.lencr.org could not be resolved (110: Operation timed out) while requesting certificate status, responder: r3.o.lencr.org, certificate: "/etc/letsencrypt/live/redmine.edtereza.com.br/fullchain.pem"
2022/03/25 04:31:12 [error] 2018#0: r3.o.lencr.org could not be resolved (110: Operation timed out) while requesting certificate status, responder: r3.o.lencr.org, certificate: "/etc/letsencrypt/live/redmine.edtereza.com.br/fullchain.pem"
2022/03/25 04:56:08 [error] 2018#0: r3.o.lencr.org could not be resolved (110: Operation timed out) while requesting certificate status, responder: r3.o.lencr.org, certificate: "/etc/letsencrypt/live/redmine.edtereza.com.br/fullchain.pem"
2022/03/25 12:36:33 [error] 2018#0: r3.o.lencr.org could not be resolved (110: Operation timed out) while requesting certificate status, responder: r3.o.lencr.org, certificate: "/etc/letsencrypt/live/redmine.edtereza.com.br/fullchain.pem"
2022/03/26 13:12:33 [error] 2018#0: r3.o.lencr.org could not be resolved (110: Operation timed out) while requesting certificate status, responder: r3.o.lencr.org, certificate: "/etc/letsencrypt/live/redmine.edtereza.com.br/fullchain.pem"
2022/03/26 13:36:56 [error] 2018#0: *13591 open() "/etc/nginx/http.d/.well-known/acme-challenge/I-MS2P1JSAS9BVW5GEQXYU5XWM2M-MW4" failed (2: No such file or directory), client: 192.185.176.212, server: redmine.edtereza.com.br, request: "GET /.well-known/acme-challenge/I-MS2P1JSAS9BVW5GEQXYU5XWM2M-MW4 HTTP/1.1", host: "survivalist.com.br"
2022/03/27 04:43:10 [error] 91659#0: r3.o.lencr.org could not be resolved (110: Operation timed out) while requesting certificate status, responder: r3.o.lencr.org, certificate: "/etc/letsencrypt/live/dynmap.survivalist.com.br/fullchain.pem"
2022/03/27 09:21:58 [error] 91659#0: r3.o.lencr.org could not be resolved (110: Operation timed out) while requesting certificate status, responder: r3.o.lencr.org, certificate: "/etc/letsencrypt/live/dynmap.survivalist.com.br/fullchain.pem"
2022/03/27 13:37:30 [error] 91659#0: *5272 open() "/etc/nginx/http.d/.well-known/acme-challenge/224TK0C09SJYOECU5M-RE59D9H6X59XQ" failed (2: No such file or directory), client: 192.185.176.212, server: dynmap.survivalist.com.br, request: "GET /.well-known/acme-challenge/224TK0C09SJYOECU5M-RE59D9H6X59XQ HTTP/1.1", host: "survivalist.com.br"
2022/03/27 14:35:09 [error] 91659#0: r3.o.lencr.org could not be resolved (110: Operation timed out) while requesting certificate status, responder: r3.o.lencr.org, certificate: "/etc/letsencrypt/live/dynmap.survivalist.com.br/fullchain.pem"
2022/03/28 02:10:53 [error] 91659#0: r3.o.lencr.org could not be resolved (110: Operation timed out) while requesting certificate status, responder: r3.o.lencr.org, certificate: "/etc/letsencrypt/live/dynmap.survivalist.com.br/fullchain.pem"
2022/03/28 02:35:20 [error] 91659#0: r3.o.lencr.org could not be resolved (110: Operation timed out) while requesting certificate status, responder: r3.o.lencr.org, certificate: "/etc/letsencrypt/live/dynmap.survivalist.com.br/fullchain.pem"
2022/03/28 04:55:17 [error] 91659#0: r3.o.lencr.org could not be resolved (110: Operation timed out) while requesting certificate status, responder: r3.o.lencr.org, certificate: "/etc/letsencrypt/live/dynmap.survivalist.com.br/fullchain.pem"
2022/03/28 05:08:32 [error] 91659#0: r3.o.lencr.org could not be resolved (110: Operation timed out) while requesting certificate status, responder: r3.o.lencr.org, certificate: "/etc/letsencrypt/live/dynmap.survivalist.com.br/fullchain.pem"
2022/03/28 07:36:06 [error] 91659#0: r3.o.lencr.org could not be resolved (110: Operation timed out) while requesting certificate status, responder: r3.o.lencr.org, certificate: "/etc/letsencrypt/live/dynmap.survivalist.com.br/fullchain.pem"
2022/03/28 13:37:28 [error] 91659#0: *5783 open() "/etc/nginx/http.d/.well-known/acme-challenge/HYL4M5F06G8H5ZX9CY3DT4U-6162FLO2" failed (2: No such file or directory), client: 192.185.176.212, server: dynmap.survivalist.com.br, request: "GET /.well-known/acme-challenge/HYL4M5F06G8H5ZX9CY3DT4U-6162FLO2 HTTP/1.1", host: "survivalist.com.br"
2022/03/28 13:44:51 [error] 91659#0: r3.o.lencr.org could not be resolved (110: Operation timed out) while requesting certificate status, responder: r3.o.lencr.org, certificate: "/etc/letsencrypt/live/redmine.edtereza.com.br/fullchain.pem"
2022/03/28 16:30:50 [error] 91659#0: r3.o.lencr.org could not be resolved (110: Operation timed out) while requesting certificate status, responder: r3.o.lencr.org, certificate: "/etc/letsencrypt/live/dynmap.survivalist.com.br/fullchain.pem"
2022/03/28 20:08:15 [error] 91659#0: r3.o.lencr.org could not be resolved (110: Operation timed out) while requesting certificate status, responder: r3.o.lencr.org, certificate: "/etc/letsencrypt/live/dynmap.survivalist.com.br/fullchain.pem"
2022/03/28 23:30:02 [error] 91659#0: r3.o.lencr.org could not be resolved (110: Operation timed out) while requesting certificate status, responder: r3.o.lencr.org, certificate: "/etc/letsencrypt/live/dynmap.survivalist.com.br/fullchain.pem"
2022/03/29 00:39:46 [error] 91659#0: r3.o.lencr.org could not be resolved (110: Operation timed out) while requesting certificate status, responder: r3.o.lencr.org, certificate: "/etc/letsencrypt/live/redmine.edtereza.com.br/fullchain.pem"
2022/03/29 13:36:48 [error] 91659#0: *6540 open() "/etc/nginx/http.d/.well-known/acme-challenge/A7LP6ARTZZ9AJV56340ZHPS7EPX56-ZQ" failed (2: No such file or directory), client: 192.185.176.212, server: dynmap.survivalist.com.br, request: "GET /.well-known/acme-challenge/A7LP6ARTZZ9AJV56340ZHPS7EPX56-ZQ HTTP/1.1", host: "survivalist.com.br"
2022/03/29 23:07:31 [error] 91659#0: r3.o.lencr.org could not be resolved (110: Operation timed out) while requesting certificate status, responder: r3.o.lencr.org, certificate: "/etc/letsencrypt/live/redmine.edtereza.com.br/fullchain.pem"
2022/03/29 23:09:27 [error] 91659#0: r3.o.lencr.org could not be resolved (110: Operation timed out) while requesting certificate status, responder: r3.o.lencr.org, certificate: "/etc/letsencrypt/live/dynmap.survivalist.com.br/fullchain.pem"
2022/03/30 12:26:07 [error] 91659#0: r3.o.lencr.org could not be resolved (110: Operation timed out) while requesting certificate status, responder: r3.o.lencr.org, certificate: "/etc/letsencrypt/live/dynmap.survivalist.com.br/fullchain.pem"
2022/03/30 13:37:17 [error] 91659#0: *7041 open() "/etc/nginx/http.d/.well-known/acme-challenge/112GZ-RC4BPF-RR_TKF7OS1TDARB_FK8" failed (2: No such file or directory), client: 192.185.176.212, server: dynmap.survivalist.com.br, request: "GET /.well-known/acme-challenge/112GZ-RC4BPF-RR_TKF7OS1TDARB_FK8 HTTP/1.1", host: "survivalist.com.br"
2022/03/30 20:41:14 [error] 91659#0: r3.o.lencr.org could not be resolved (110: Operation timed out) while requesting certificate status, responder: r3.o.lencr.org, certificate: "/etc/letsencrypt/live/dynmap.survivalist.com.br/fullchain.pem"
2022/03/31 00:25:20 [error] 91659#0: r3.o.lencr.org could not be resolved (110: Operation timed out) while requesting certificate status, responder: r3.o.lencr.org, certificate: "/etc/letsencrypt/live/dynmap.survivalist.com.br/fullchain.pem"
2022/03/31 03:47:03 [error] 91659#0: r3.o.lencr.org could not be resolved (110: Operation timed out) while requesting certificate status, responder: r3.o.lencr.org, certificate: "/etc/letsencrypt/live/dynmap.survivalist.com.br/fullchain.pem"
2022/03/31 11:02:39 [error] 91659#0: r3.o.lencr.org could not be resolved (110: Operation timed out) while requesting certificate status, responder: r3.o.lencr.org, certificate: "/etc/letsencrypt/live/dynmap.survivalist.com.br/fullchain.pem"
2022/03/31 11:22:36 [error] 91659#0: r3.o.lencr.org could not be resolved (110: Operation timed out) while requesting certificate status, responder: r3.o.lencr.org, certificate: "/etc/letsencrypt/live/dynmap.survivalist.com.br/fullchain.pem"
2022/03/31 13:37:06 [error] 91659#0: *7547 open() "/etc/nginx/http.d/.well-known/acme-challenge/BU5DH_5_TT_QC5H64NE7KLQOR9DJU_B-" failed (2: No such file or directory), client: 192.185.176.212, server: dynmap.survivalist.com.br, request: "GET /.well-known/acme-challenge/BU5DH_5_TT_QC5H64NE7KLQOR9DJU_B- HTTP/1.1", host: "survivalist.com.br"
2022/03/31 15:55:45 [error] 91659#0: r3.o.lencr.org could not be resolved (110: Operation timed out) while requesting certificate status, responder: r3.o.lencr.org, certificate: "/etc/letsencrypt/live/dynmap.survivalist.com.br/fullchain.pem"
2022/03/31 23:25:21 [error] 91659#0: r3.o.lencr.org could not be resolved (110: Operation timed out) while requesting certificate status, responder: r3.o.lencr.org, certificate: "/etc/letsencrypt/live/dynmap.survivalist.com.br/fullchain.pem"
2022/04/01 12:15:09 [error] 91659#0: r3.o.lencr.org could not be resolved (110: Operation timed out) while requesting certificate status, responder: r3.o.lencr.org, certificate: "/etc/letsencrypt/live/dynmap.survivalist.com.br/fullchain.pem"
2022/04/01 13:37:50 [error] 91659#0: *8419 open() "/etc/nginx/http.d/.well-known/acme-challenge/2HKQ0A8BR1N1NK0GSLL0GQ1CSMY-47HI" failed (2: No such file or directory), client: 192.185.176.212, server: dynmap.survivalist.com.br, request: "GET /.well-known/acme-challenge/2HKQ0A8BR1N1NK0GSLL0GQ1CSMY-47HI HTTP/1.1", host: "survivalist.com.br"
2022/04/01 16:11:14 [error] 91659#0: r3.o.lencr.org could not be resolved (110: Operation timed out) while requesting certificate status, responder: r3.o.lencr.org, certificate: "/etc/letsencrypt/live/dynmap.survivalist.com.br/fullchain.pem"
2022/04/01 16:25:15 [error] 91659#0: r3.o.lencr.org could not be resolved (110: Operation timed out) while requesting certificate status, responder: r3.o.lencr.org, certificate: "/etc/letsencrypt/live/dynmap.survivalist.com.br/fullchain.pem"
2022/04/01 18:48:54 [error] 91659#0: r3.o.lencr.org could not be resolved (110: Operation timed out) while requesting certificate status, responder: r3.o.lencr.org, certificate: "/etc/letsencrypt/live/dynmap.survivalist.com.br/fullchain.pem"
2022/04/01 18:55:22 [error] 91659#0: r3.o.lencr.org could not be resolved (110: Operation timed out) while requesting certificate status, responder: r3.o.lencr.org, certificate: "/etc/letsencrypt/live/redmine.edtereza.com.br/fullchain.pem"
2022/04/01 23:20:04 [error] 91659#0: r3.o.lencr.org could not be resolved (110: Operation timed out) while requesting certificate status, responder: r3.o.lencr.org, certificate: "/etc/letsencrypt/live/dynmap.survivalist.com.br/fullchain.pem"
2022/04/02 02:35:38 [error] 91659#0: r3.o.lencr.org could not be resolved (110: Operation timed out) while requesting certificate status, responder: r3.o.lencr.org, certificate: "/etc/letsencrypt/live/dynmap.survivalist.com.br/fullchain.pem"
2022/04/02 03:19:11 [error] 91659#0: *8750 "/etc/nginx/http.d/.well-known/acme-challenge/index.html" is not found (2: No such file or directory), client: 65.21.238.59, server: dynmap.survivalist.com.br, request: "GET /.well-known/acme-challenge/ HTTP/1.1", host: "survivalist.com.br", referrer: "www.google.com"
2022/04/02 08:12:45 [error] 91659#0: r3.o.lencr.org could not be resolved (110: Operation timed out) while requesting certificate status, responder: r3.o.lencr.org, certificate: "/etc/letsencrypt/live/dynmap.survivalist.com.br/fullchain.pem"
2022/04/02 11:11:54 [error] 91659#0: r3.o.lencr.org could not be resolved (110: Operation timed out) while requesting certificate status, responder: r3.o.lencr.org, certificate: "/etc/letsencrypt/live/dynmap.survivalist.com.br/fullchain.pem"
2022/04/02 13:35:58 [error] 91659#0: *8979 open() "/etc/nginx/http.d/.well-known/acme-challenge/_GXQ1S4G8RX1AYQO2P08QZVZX8AFYBFY" failed (2: No such file or directory), client: 192.185.176.212, server: dynmap.survivalist.com.br, request: "GET /.well-known/acme-challenge/_GXQ1S4G8RX1AYQO2P08QZVZX8AFYBFY HTTP/1.1", host: "survivalist.com.br"
2022/04/02 16:08:35 [error] 91659#0: r3.o.lencr.org could not be resolved (110: Operation timed out) while requesting certificate status, responder: r3.o.lencr.org, certificate: "/etc/letsencrypt/live/dynmap.survivalist.com.br/fullchain.pem"
2022/04/02 22:40:58 [error] 118252#0: r3.o.lencr.org could not be resolved (110: Operation timed out) while requesting certificate status, responder: r3.o.lencr.org, certificate: "/etc/letsencrypt/live/dynmap.survivalist.com.br/fullchain.pem"
2022/04/03 13:36:50 [error] 118252#0: *1527 open() "/etc/nginx/http.d/.well-known/acme-challenge/1RXWKJYKZOBIDZT1T6AICKT3B-J93JJO" failed (2: No such file or directory), client: 192.185.176.212, server: dynmap.survivalist.com.br, request: "GET /.well-known/acme-challenge/1RXWKJYKZOBIDZT1T6AICKT3B-J93JJO HTTP/1.1", host: "survivalist.com.br"
2022/04/03 19:36:55 [error] 118252#0: r3.o.lencr.org could not be resolved (110: Operation timed out) while requesting certificate status, responder: r3.o.lencr.org, certificate: "/etc/letsencrypt/live/dynmap.survivalist.com.br/fullchain.pem"
2022/04/03 19:43:20 [error] 118252#0: r3.o.lencr.org could not be resolved (110: Operation timed out) while requesting certificate status, responder: r3.o.lencr.org, certificate: "/etc/letsencrypt/live/dynmap.survivalist.com.br/fullchain.pem"
2022/04/04 03:06:44 [error] 118252#0: r3.o.lencr.org could not be resolved (110: Operation timed out) while requesting certificate status, responder: r3.o.lencr.org, certificate: "/etc/letsencrypt/live/dynmap.survivalist.com.br/fullchain.pem"
2022/04/04 11:14:43 [error] 118252#0: r3.o.lencr.org could not be resolved (110: Operation timed out) while requesting certificate status, responder: r3.o.lencr.org, certificate: "/etc/letsencrypt/live/dynmap.survivalist.com.br/fullchain.pem"
2022/04/04 13:37:11 [error] 118252#0: *2328 open() "/etc/nginx/http.d/.well-known/acme-challenge/SBRL7VCNT5_3067QVVLJYR2CTT4OE31M" failed (2: No such file or directory), client: 192.185.176.212, server: dynmap.survivalist.com.br, request: "GET /.well-known/acme-challenge/SBRL7VCNT5_3067QVVLJYR2CTT4OE31M HTTP/1.1", host: "survivalist.com.br"
2022/04/04 14:40:13 [error] 118252#0: r3.o.lencr.org could not be resolved (110: Operation timed out) while requesting certificate status, responder: r3.o.lencr.org, certificate: "/etc/letsencrypt/live/dynmap.survivalist.com.br/fullchain.pem"
2022/04/04 20:04:45 [error] 118252#0: r3.o.lencr.org could not be resolved (110: Operation timed out) while requesting certificate status, responder: r3.o.lencr.org, certificate: "/etc/letsencrypt/live/dynmap.survivalist.com.br/fullchain.pem"
2022/04/05 02:40:26 [error] 118252#0: r3.o.lencr.org could not be resolved (110: Operation timed out) while requesting certificate status, responder: r3.o.lencr.org, certificate: "/etc/letsencrypt/live/dynmap.survivalist.com.br/fullchain.pem"
2022/04/05 13:36:35 [error] 118252#0: *3299 open() "/etc/nginx/http.d/.well-known/acme-challenge/X81LHH36I67PXVL0S-TO6ALP1XL-UPLJ" failed (2: No such file or directory), client: 192.185.176.212, server: dynmap.survivalist.com.br, request: "GET /.well-known/acme-challenge/X81LHH36I67PXVL0S-TO6ALP1XL-UPLJ HTTP/1.1", host: "survivalist.com.br"
2022/04/05 14:33:28 [error] 118252#0: r3.o.lencr.org could not be resolved (110: Operation timed out) while requesting certificate status, responder: r3.o.lencr.org, certificate: "/etc/letsencrypt/live/dynmap.survivalist.com.br/fullchain.pem"
2022/04/05 22:41:44 [error] 118252#0: r3.o.lencr.org could not be resolved (110: Operation timed out) while requesting certificate status, responder: r3.o.lencr.org, certificate: "/etc/letsencrypt/live/dynmap.survivalist.com.br/fullchain.pem"
2022/04/05 22:49:41 [error] 118252#0: r3.o.lencr.org could not be resolved (110: Operation timed out) while requesting certificate status, responder: r3.o.lencr.org, certificate: "/etc/letsencrypt/live/dynmap.survivalist.com.br/fullchain.pem"
2022/04/06 13:37:24 [error] 118252#0: *4882 open() "/etc/nginx/http.d/.well-known/acme-challenge/WLL_A1MIO25-W8CVSTPK_SBOSGG0D7Z9" failed (2: No such file or directory), client: 192.185.176.212, server: dynmap.survivalist.com.br, request: "GET /.well-known/acme-challenge/WLL_A1MIO25-W8CVSTPK_SBOSGG0D7Z9 HTTP/1.1", host: "survivalist.com.br"
2022/04/06 15:36:50 [error] 118252#0: r3.o.lencr.org could not be resolved (110: Operation timed out) while requesting certificate status, responder: r3.o.lencr.org, certificate: "/etc/letsencrypt/live/dynmap.survivalist.com.br/fullchain.pem"
2022/04/06 18:03:32 [error] 118252#0: r3.o.lencr.org could not be resolved (110: Operation timed out) while requesting certificate status, responder: r3.o.lencr.org, certificate: "/etc/letsencrypt/live/dynmap.survivalist.com.br/fullchain.pem"
2022/04/07 13:36:59 [error] 118252#0: *6129 open() "/etc/nginx/http.d/.well-known/acme-challenge/WT2AX-XA60OG129_A2LTI61MZCXXEXYY" failed (2: No such file or directory), client: 192.185.176.212, server: dynmap.survivalist.com.br, request: "GET /.well-known/acme-challenge/WT2AX-XA60OG129_A2LTI61MZCXXEXYY HTTP/1.1", host: "survivalist.com.br"
2022/04/07 21:14:24 [error] 118252#0: r3.o.lencr.org could not be resolved (110: Operation timed out) while requesting certificate status, responder: r3.o.lencr.org, certificate: "/etc/letsencrypt/live/dynmap.survivalist.com.br/fullchain.pem"
2022/04/08 04:15:36 [error] 118252#0: r3.o.lencr.org could not be resolved (110: Operation timed out) while requesting certificate status, responder: r3.o.lencr.org, certificate: "/etc/letsencrypt/live/dynmap.survivalist.com.br/fullchain.pem"
2022/04/08 12:14:52 [error] 118252#0: r3.o.lencr.org could not be resolved (110: Operation timed out) while requesting certificate status, responder: r3.o.lencr.org, certificate: "/etc/letsencrypt/live/dynmap.survivalist.com.br/fullchain.pem"
2022/04/09 13:37:29 [error] 118252#0: *8508 open() "/etc/nginx/http.d/.well-known/acme-challenge/9IQC-XP4AZ9OHZXED0GM8GWQA57AF1BU" failed (2: No such file or directory), client: 192.185.176.212, server: dynmap.survivalist.com.br, request: "GET /.well-known/acme-challenge/9IQC-XP4AZ9OHZXED0GM8GWQA57AF1BU HTTP/1.1", host: "survivalist.com.br"
2022/04/09 15:22:31 [error] 118252#0: r3.o.lencr.org could not be resolved (110: Operation timed out) while requesting certificate status, responder: r3.o.lencr.org, certificate: "/etc/letsencrypt/live/dynmap.survivalist.com.br/fullchain.pem"
2022/04/09 17:38:02 [error] 118252#0: r3.o.lencr.org could not be resolved (110: Operation timed out) while requesting certificate status, responder: r3.o.lencr.org, certificate: "/etc/letsencrypt/live/dynmap.survivalist.com.br/fullchain.pem"
2022/04/10 04:32:02 [error] 118252#0: *9085 open() "/etc/nginx/http.d/.well-known/acme-challenge/8B58XPPPCJVUK4UVF2B7B_LXMN64PB6Q" failed (2: No such file or directory), client: 192.185.176.212, server: dynmap.survivalist.com.br, request: "GET /.well-known/acme-challenge/8B58XPPPCJVUK4UVF2B7B_LXMN64PB6Q HTTP/1.1", host: "survivalist.com.br"
2022/04/10 13:36:52 [error] 118252#0: *9581 open() "/etc/nginx/http.d/.well-known/acme-challenge/VDM4KM04XK8T7T6NIXO7XW7ML6PGSN73" failed (2: No such file or directory), client: 192.185.176.212, server: dynmap.survivalist.com.br, request: "GET /.well-known/acme-challenge/VDM4KM04XK8T7T6NIXO7XW7ML6PGSN73 HTTP/1.1", host: "survivalist.com.br"
2022/04/10 15:22:02 [error] 118252#0: r3.o.lencr.org could not be resolved (110: Operation timed out) while requesting certificate status, responder: r3.o.lencr.org, certificate: "/etc/letsencrypt/live/dynmap.survivalist.com.br/fullchain.pem"
2022/04/11 13:37:23 [error] 118252#0: *10584 open() "/etc/nginx/http.d/.well-known/acme-challenge/OL5GYAXOMIM4IP0Z6A2S11IQ-0_9AUDW" failed (2: No such file or directory), client: 192.185.176.212, server: dynmap.survivalist.com.br, request: "GET /.well-known/acme-challenge/OL5GYAXOMIM4IP0Z6A2S11IQ-0_9AUDW HTTP/1.1", host: "survivalist.com.br"
2022/04/11 14:13:24 [error] 118252#0: r3.o.lencr.org could not be resolved (110: Operation timed out) while requesting certificate status, responder: r3.o.lencr.org, certificate: "/etc/letsencrypt/live/dynmap.survivalist.com.br/fullchain.pem"
2022/04/12 07:19:58 [error] 118252#0: r3.o.lencr.org could not be resolved (110: Operation timed out) while requesting certificate status, responder: r3.o.lencr.org, certificate: "/etc/letsencrypt/live/dynmap.survivalist.com.br/fullchain.pem"
2022/04/12 13:36:40 [error] 118252#0: *11445 open() "/etc/nginx/http.d/.well-known/acme-challenge/6AISAQBOSLOUO8OUL_S--BMAICOKCURP" failed (2: No such file or directory), client: 192.185.176.212, server: dynmap.survivalist.com.br, request: "GET /.well-known/acme-challenge/6AISAQBOSLOUO8OUL_S--BMAICOKCURP HTTP/1.1", host: "survivalist.com.br"
2022/04/12 14:22:42 [error] 118252#0: r3.o.lencr.org could not be resolved (110: Operation timed out) while requesting certificate status, responder: r3.o.lencr.org, certificate: "/etc/letsencrypt/live/dynmap.survivalist.com.br/fullchain.pem"
2022/04/12 19:11:55 [error] 118252#0: r3.o.lencr.org could not be resolved (110: Operation timed out) while requesting certificate status, responder: r3.o.lencr.org, certificate: "/etc/letsencrypt/live/dynmap.survivalist.com.br/fullchain.pem"
2022/04/13 02:18:11 [error] 118252#0: r3.o.lencr.org could not be resolved (110: Operation timed out) while requesting certificate status, responder: r3.o.lencr.org, certificate: "/etc/letsencrypt/live/dynmap.survivalist.com.br/fullchain.pem"
2022/04/13 10:05:53 [error] 118252#0: r3.o.lencr.org could not be resolved (110: Operation timed out) while requesting certificate status, responder: r3.o.lencr.org, certificate: "/etc/letsencrypt/live/dynmap.survivalist.com.br/fullchain.pem"
2022/04/13 10:12:08 [error] 118252#0: r3.o.lencr.org could not be resolved (110: Operation timed out) while requesting certificate status, responder: r3.o.lencr.org, certificate: "/etc/letsencrypt/live/dynmap.survivalist.com.br/fullchain.pem"
2022/04/13 12:39:05 [error] 118252#0: r3.o.lencr.org could not be resolved (110: Operation timed out) while requesting certificate status, responder: r3.o.lencr.org, certificate: "/etc/letsencrypt/live/dynmap.survivalist.com.br/fullchain.pem"
2022/04/13 13:36:46 [error] 118252#0: *12565 open() "/etc/nginx/http.d/.well-known/acme-challenge/2BSFCM-HI8AMAGELO97LU94F8YJO2C4C" failed (2: No such file or directory), client: 192.185.176.212, server: dynmap.survivalist.com.br, request: "GET /.well-known/acme-challenge/2BSFCM-HI8AMAGELO97LU94F8YJO2C4C HTTP/1.1", host: "survivalist.com.br"
2022/04/13 16:00:28 [error] 118252#0: r3.o.lencr.org could not be resolved (110: Operation timed out) while requesting certificate status, responder: r3.o.lencr.org, certificate: "/etc/letsencrypt/live/dynmap.survivalist.com.br/fullchain.pem"
2022/04/13 19:27:00 [error] 118252#0: r3.o.lencr.org could not be resolved (110: Operation timed out) while requesting certificate status, responder: r3.o.lencr.org, certificate: "/etc/letsencrypt/live/dynmap.survivalist.com.br/fullchain.pem"
2022/04/13 19:33:02 [error] 118252#0: r3.o.lencr.org could not be resolved (110: Operation timed out) while requesting certificate status, responder: r3.o.lencr.org, certificate: "/etc/letsencrypt/live/dynmap.survivalist.com.br/fullchain.pem"
2022/04/14 03:25:31 [error] 118252#0: r3.o.lencr.org could not be resolved (110: Operation timed out) while requesting certificate status, responder: r3.o.lencr.org, certificate: "/etc/letsencrypt/live/dynmap.survivalist.com.br/fullchain.pem"
2022/04/14 06:58:35 [error] 118252#0: r3.o.lencr.org could not be resolved (110: Operation timed out) while requesting certificate status, responder: r3.o.lencr.org, certificate: "/etc/letsencrypt/live/dynmap.survivalist.com.br/fullchain.pem"
2022/04/14 09:48:47 [error] 118252#0: r3.o.lencr.org could not be resolved (110: Operation timed out) while requesting certificate status, responder: r3.o.lencr.org, certificate: "/etc/letsencrypt/live/dynmap.survivalist.com.br/fullchain.pem"
2022/04/14 09:54:07 [error] 118252#0: r3.o.lencr.org could not be resolved (110: Operation timed out) while requesting certificate status, responder: r3.o.lencr.org, certificate: "/etc/letsencrypt/live/dynmap.survivalist.com.br/fullchain.pem"
2022/04/14 13:20:15 [error] 118252#0: r3.o.lencr.org could not be resolved (110: Operation timed out) while requesting certificate status, responder: r3.o.lencr.org, certificate: "/etc/letsencrypt/live/dynmap.survivalist.com.br/fullchain.pem"
2022/04/14 13:35:55 [error] 118252#0: *13618 open() "/etc/nginx/http.d/.well-known/acme-challenge/EQBLTVNFTNTF0_E1J8V89EYRNUAAYDP7" failed (2: No such file or directory), client: 192.185.176.212, server: dynmap.survivalist.com.br, request: "GET /.well-known/acme-challenge/EQBLTVNFTNTF0_E1J8V89EYRNUAAYDP7 HTTP/1.1", host: "survivalist.com.br"
2022/04/15 00:34:59 [error] 118252#0: r3.o.lencr.org could not be resolved (110: Operation timed out) while requesting certificate status, responder: r3.o.lencr.org, certificate: "/etc/letsencrypt/live/dynmap.survivalist.com.br/fullchain.pem"
2022/04/15 04:05:22 [error] 118252#0: r3.o.lencr.org could not be resolved (110: Operation timed out) while requesting certificate status, responder: r3.o.lencr.org, certificate: "/etc/letsencrypt/live/dynmap.survivalist.com.br/fullchain.pem"
2022/04/15 13:36:31 [error] 118252#0: *14625 open() "/etc/nginx/http.d/.well-known/acme-challenge/559H632IJPYSJ3J2TJVL92B2-TK5X18M" failed (2: No such file or directory), client: 192.185.176.212, server: dynmap.survivalist.com.br, request: "GET /.well-known/acme-challenge/559H632IJPYSJ3J2TJVL92B2-TK5X18M HTTP/1.1", host: "survivalist.com.br"
2022/04/16 06:19:56 [error] 118252#0: r3.o.lencr.org could not be resolved (110: Operation timed out) while requesting certificate status, responder: r3.o.lencr.org, certificate: "/etc/letsencrypt/live/dynmap.survivalist.com.br/fullchain.pem"
2022/04/16 13:36:08 [error] 118252#0: *15702 open() "/etc/nginx/http.d/.well-known/acme-challenge/2EFBMG4A7R75OZMTY2-82TNCDN77Q75G" failed (2: No such file or directory), client: 192.185.176.212, server: dynmap.survivalist.com.br, request: "GET /.well-known/acme-challenge/2EFBMG4A7R75OZMTY2-82TNCDN77Q75G HTTP/1.1", host: "survivalist.com.br"
2022/04/17 13:36:48 [error] 118252#0: *16719 open() "/etc/nginx/http.d/.well-known/acme-challenge/1JQTXEN8VKBJS-TFI8I-LAFY8SRB47NR" failed (2: No such file or directory), client: 192.185.176.212, server: dynmap.survivalist.com.br, request: "GET /.well-known/acme-challenge/1JQTXEN8VKBJS-TFI8I-LAFY8SRB47NR HTTP/1.1", host: "survivalist.com.br"
2022/04/17 16:38:07 [error] 118252#0: r3.o.lencr.org could not be resolved (110: Operation timed out) while requesting certificate status, responder: r3.o.lencr.org, certificate: "/etc/letsencrypt/live/dynmap.survivalist.com.br/fullchain.pem"
2022/04/18 00:40:40 [error] 118252#0: r3.o.lencr.org could not be resolved (110: Operation timed out) while requesting certificate status, responder: r3.o.lencr.org, certificate: "/etc/letsencrypt/live/dynmap.survivalist.com.br/fullchain.pem"
2022/04/18 00:45:52 [error] 118252#0: r3.o.lencr.org could not be resolved (110: Operation timed out) while requesting certificate status, responder: r3.o.lencr.org, certificate: "/etc/letsencrypt/live/dynmap.survivalist.com.br/fullchain.pem"
2022/04/18 04:06:02 [error] 118252#0: *17426 open() "/etc/nginx/http.d/.well-known/acme-challenge/Jc5wY8nuYjuvDZnHQdpmb7T49BO4WSpuYsYNTGeIClg" failed (2: No such file or directory), client: 3.133.99.173, server: dynmap.survivalist.com.br, request: "GET /.well-known/acme-challenge/Jc5wY8nuYjuvDZnHQdpmb7T49BO4WSpuYsYNTGeIClg HTTP/1.1", host: "dynmap.survivalist.com.br"
2022/04/18 04:06:02 [error] 118252#0: *17427 open() "/etc/nginx/http.d/.well-known/acme-challenge/Jc5wY8nuYjuvDZnHQdpmb7T49BO4WSpuYsYNTGeIClg" failed (2: No such file or directory), client: 34.216.192.11, server: dynmap.survivalist.com.br, request: "GET /.well-known/acme-challenge/Jc5wY8nuYjuvDZnHQdpmb7T49BO4WSpuYsYNTGeIClg HTTP/1.1", host: "dynmap.survivalist.com.br"
2022/04/18 04:06:02 [error] 118252#0: *17428 open() "/etc/nginx/http.d/.well-known/acme-challenge/Jc5wY8nuYjuvDZnHQdpmb7T49BO4WSpuYsYNTGeIClg" failed (2: No such file or directory), client: 64.78.149.164, server: dynmap.survivalist.com.br, request: "GET /.well-known/acme-challenge/Jc5wY8nuYjuvDZnHQdpmb7T49BO4WSpuYsYNTGeIClg HTTP/1.1", host: "dynmap.survivalist.com.br"
2022/04/18 04:06:02 [error] 118252#0: *17429 open() "/etc/nginx/http.d/.well-known/acme-challenge/Jc5wY8nuYjuvDZnHQdpmb7T49BO4WSpuYsYNTGeIClg" failed (2: No such file or directory), client: 54.93.194.3, server: dynmap.survivalist.com.br, request: "GET /.well-known/acme-challenge/Jc5wY8nuYjuvDZnHQdpmb7T49BO4WSpuYsYNTGeIClg HTTP/1.1", host: "dynmap.survivalist.com.br"
2022/04/18 04:06:06 [error] 118252#0: *17430 open() "/etc/nginx/http.d/.well-known/acme-challenge/Q8cdydISNeT21JaDycQpHG8MOa2l1p9muzqdKfRhi_E" failed (2: No such file or directory), client: 13.59.153.150, server: dynmap.survivalist.com.br, request: "GET /.well-known/acme-challenge/Q8cdydISNeT21JaDycQpHG8MOa2l1p9muzqdKfRhi_E HTTP/1.1", host: "forum.survivalist.com.br"
2022/04/18 04:06:06 [error] 118252#0: *17431 open() "/etc/nginx/http.d/.well-known/acme-challenge/Q8cdydISNeT21JaDycQpHG8MOa2l1p9muzqdKfRhi_E" failed (2: No such file or directory), client: 52.25.138.85, server: dynmap.survivalist.com.br, request: "GET /.well-known/acme-challenge/Q8cdydISNeT21JaDycQpHG8MOa2l1p9muzqdKfRhi_E HTTP/1.1", host: "forum.survivalist.com.br"
2022/04/18 04:06:06 [error] 118252#0: *17432 open() "/etc/nginx/http.d/.well-known/acme-challenge/Q8cdydISNeT21JaDycQpHG8MOa2l1p9muzqdKfRhi_E" failed (2: No such file or directory), client: 3.70.226.171, server: dynmap.survivalist.com.br, request: "GET /.well-known/acme-challenge/Q8cdydISNeT21JaDycQpHG8MOa2l1p9muzqdKfRhi_E HTTP/1.1", host: "forum.survivalist.com.br"
2022/04/18 04:06:08 [error] 118252#0: *17433 open() "/etc/nginx/http.d/.well-known/acme-challenge/Q8cdydISNeT21JaDycQpHG8MOa2l1p9muzqdKfRhi_E" failed (2: No such file or directory), client: 66.133.109.36, server: dynmap.survivalist.com.br, request: "GET /.well-known/acme-challenge/Q8cdydISNeT21JaDycQpHG8MOa2l1p9muzqdKfRhi_E HTTP/1.1", host: "forum.survivalist.com.br"
2022/04/18 04:16:14 [error] 118252#0: r3.o.lencr.org could not be resolved (110: Operation timed out) while requesting certificate status, responder: r3.o.lencr.org, certificate: "/etc/letsencrypt/live/dynmap.survivalist.com.br/fullchain.pem"
2022/04/18 13:35:41 [error] 118252#0: *17761 open() "/etc/nginx/http.d/.well-known/acme-challenge/R4U_U1TTI9H33RWEQSIYQE0BA8X872AJ" failed (2: No such file or directory), client: 192.185.176.212, server: dynmap.survivalist.com.br, request: "GET /.well-known/acme-challenge/R4U_U1TTI9H33RWEQSIYQE0BA8X872AJ HTTP/1.1", host: "survivalist.com.br"
2022/04/18 19:59:48 [error] 118252#0: r3.o.lencr.org could not be resolved (110: Operation timed out) while requesting certificate status, responder: r3.o.lencr.org, certificate: "/etc/letsencrypt/live/dynmap.survivalist.com.br/fullchain.pem"
2022/04/19 00:32:20 [error] 118252#0: r3.o.lencr.org could not be resolved (110: Operation timed out) while requesting certificate status, responder: r3.o.lencr.org, certificate: "/etc/letsencrypt/live/dynmap.survivalist.com.br/fullchain.pem"
2022/04/19 03:58:39 [error] 118252#0: r3.o.lencr.org could not be resolved (110: Operation timed out) while requesting certificate status, responder: r3.o.lencr.org, certificate: "/etc/letsencrypt/live/dynmap.survivalist.com.br/fullchain.pem"
2022/04/19 04:06:31 [error] 118252#0: *18320 open() "/etc/nginx/http.d/.well-known/acme-challenge/mBzNJ0UaXZY9vyaU1Z4JJ3G8IvbJ-9pQV1L2VYWLxzA" failed (2: No such file or directory), client: 66.133.109.36, server: dynmap.survivalist.com.br, request: "GET /.well-known/acme-challenge/mBzNJ0UaXZY9vyaU1Z4JJ3G8IvbJ-9pQV1L2VYWLxzA HTTP/1.1", host: "dynmap.survivalist.com.br"
2022/04/19 04:06:35 [error] 118252#0: *18321 open() "/etc/nginx/http.d/.well-known/acme-challenge/QVcn_pik9oQJ1UYtiBmtLwVV0g4ju7W3vgDzFTPfs78" failed (2: No such file or directory), client: 13.59.153.150, server: dynmap.survivalist.com.br, request: "GET /.well-known/acme-challenge/QVcn_pik9oQJ1UYtiBmtLwVV0g4ju7W3vgDzFTPfs78 HTTP/1.1", host: "forum.survivalist.com.br"
2022/04/19 04:06:35 [error] 118252#0: *18322 open() "/etc/nginx/http.d/.well-known/acme-challenge/QVcn_pik9oQJ1UYtiBmtLwVV0g4ju7W3vgDzFTPfs78" failed (2: No such file or directory), client: 66.133.109.36, server: dynmap.survivalist.com.br, request: "GET /.well-known/acme-challenge/QVcn_pik9oQJ1UYtiBmtLwVV0g4ju7W3vgDzFTPfs78 HTTP/1.1", host: "forum.survivalist.com.br"
2022/04/19 04:06:35 [error] 118252#0: *18323 open() "/etc/nginx/http.d/.well-known/acme-challenge/QVcn_pik9oQJ1UYtiBmtLwVV0g4ju7W3vgDzFTPfs78" failed (2: No such file or directory), client: 34.216.192.11, server: dynmap.survivalist.com.br, request: "GET /.well-known/acme-challenge/QVcn_pik9oQJ1UYtiBmtLwVV0g4ju7W3vgDzFTPfs78 HTTP/1.1", host: "forum.survivalist.com.br"
2022/04/19 04:06:35 [error] 118252#0: *18324 open() "/etc/nginx/http.d/.well-known/acme-challenge/QVcn_pik9oQJ1UYtiBmtLwVV0g4ju7W3vgDzFTPfs78" failed (2: No such file or directory), client: 18.192.99.12, server: dynmap.survivalist.com.br, request: "GET /.well-known/acme-challenge/QVcn_pik9oQJ1UYtiBmtLwVV0g4ju7W3vgDzFTPfs78 HTTP/1.1", host: "forum.survivalist.com.br"
2022/04/19 11:43:37 [error] 118252#0: r3.o.lencr.org could not be resolved (110: Operation timed out) while requesting certificate status, responder: r3.o.lencr.org, certificate: "/etc/letsencrypt/live/dynmap.survivalist.com.br/fullchain.pem"
2022/04/19 13:36:40 [error] 118252#0: *18745 open() "/etc/nginx/http.d/.well-known/acme-challenge/0T4A5CUGJG3FJ8F5_LS_BMLJ6F54455Z" failed (2: No such file or directory), client: 192.185.176.212, server: dynmap.survivalist.com.br, request: "GET /.well-known/acme-challenge/0T4A5CUGJG3FJ8F5_LS_BMLJ6F54455Z HTTP/1.1", host: "survivalist.com.br"
2022/04/19 14:01:05 [error] 118252#0: r3.o.lencr.org could not be resolved (110: Operation timed out) while requesting certificate status, responder: r3.o.lencr.org, certificate: "/etc/letsencrypt/live/dynmap.survivalist.com.br/fullchain.pem"
2022/04/19 17:52:55 [error] 118252#0: r3.o.lencr.org could not be resolved (110: Operation timed out) while requesting certificate status, responder: r3.o.lencr.org, certificate: "/etc/letsencrypt/live/dynmap.survivalist.com.br/fullchain.pem"
2022/04/19 18:22:14 [error] 118252#0: r3.o.lencr.org could not be resolved (110: Operation timed out) while requesting certificate status, responder: r3.o.lencr.org, certificate: "/etc/letsencrypt/live/dynmap.survivalist.com.br/fullchain.pem"
2022/04/19 22:01:21 [error] 118252#0: r3.o.lencr.org could not be resolved (110: Operation timed out) while requesting certificate status, responder: r3.o.lencr.org, certificate: "/etc/letsencrypt/live/dynmap.survivalist.com.br/fullchain.pem"
2022/04/20 04:01:33 [error] 118252#0: *19253 open() "/etc/nginx/http.d/.well-known/acme-challenge/0AAWXBIeqMPqzy0OjJW2-8RX9ld3-4HIHsdZi5w8RVU" failed (2: No such file or directory), client: 64.78.149.164, server: dynmap.survivalist.com.br, request: "GET /.well-known/acme-challenge/0AAWXBIeqMPqzy0OjJW2-8RX9ld3-4HIHsdZi5w8RVU HTTP/1.1", host: "dynmap.survivalist.com.br"
2022/04/20 04:01:37 [error] 118252#0: *19254 open() "/etc/nginx/http.d/.well-known/acme-challenge/W2J3Qd5oQX9klGVomJHdDwfpxcdmqhZaLF7BCMRpsx8" failed (2: No such file or directory), client: 3.21.43.5, server: dynmap.survivalist.com.br, request: "GET /.well-known/acme-challenge/W2J3Qd5oQX9klGVomJHdDwfpxcdmqhZaLF7BCMRpsx8 HTTP/1.1", host: "forum.survivalist.com.br"
2022/04/20 04:01:37 [error] 118252#0: *19255 open() "/etc/nginx/http.d/.well-known/acme-challenge/W2J3Qd5oQX9klGVomJHdDwfpxcdmqhZaLF7BCMRpsx8" failed (2: No such file or directory), client: 54.201.106.94, server: dynmap.survivalist.com.br, request: "GET /.well-known/acme-challenge/W2J3Qd5oQX9klGVomJHdDwfpxcdmqhZaLF7BCMRpsx8 HTTP/1.1", host: "forum.survivalist.com.br"
2022/04/20 04:01:37 [error] 118252#0: *19256 open() "/etc/nginx/http.d/.well-known/acme-challenge/W2J3Qd5oQX9klGVomJHdDwfpxcdmqhZaLF7BCMRpsx8" failed (2: No such file or directory), client: 66.133.109.36, server: dynmap.survivalist.com.br, request: "GET /.well-known/acme-challenge/W2J3Qd5oQX9klGVomJHdDwfpxcdmqhZaLF7BCMRpsx8 HTTP/1.1", host: "forum.survivalist.com.br"
2022/04/20 04:01:38 [error] 118252#0: *19257 open() "/etc/nginx/http.d/.well-known/acme-challenge/W2J3Qd5oQX9klGVomJHdDwfpxcdmqhZaLF7BCMRpsx8" failed (2: No such file or directory), client: 3.70.226.171, server: dynmap.survivalist.com.br, request: "GET /.well-known/acme-challenge/W2J3Qd5oQX9klGVomJHdDwfpxcdmqhZaLF7BCMRpsx8 HTTP/1.1", host: "forum.survivalist.com.br"
2022/04/20 13:36:52 [error] 118252#0: *19601 open() "/etc/nginx/http.d/.well-known/acme-challenge/J513JBWY8VOJU79EITGI_UC7-KPSX3SF" failed (2: No such file or directory), client: 192.185.176.212, server: dynmap.survivalist.com.br, request: "GET /.well-known/acme-challenge/J513JBWY8VOJU79EITGI_UC7-KPSX3SF HTTP/1.1", host: "survivalist.com.br"
2022/04/20 15:06:33 [error] 118252#0: r3.o.lencr.org could not be resolved (110: Operation timed out) while requesting certificate status, responder: r3.o.lencr.org, certificate: "/etc/letsencrypt/live/dynmap.survivalist.com.br/fullchain.pem"
2022/04/20 17:37:32 [error] 118252#0: r3.o.lencr.org could not be resolved (110: Operation timed out) while requesting certificate status, responder: r3.o.lencr.org, certificate: "/etc/letsencrypt/live/dynmap.survivalist.com.br/fullchain.pem"
2022/04/20 22:44:31 [error] 118252#0: r3.o.lencr.org could not be resolved (110: Operation timed out) while requesting certificate status, responder: r3.o.lencr.org, certificate: "/etc/letsencrypt/live/dynmap.survivalist.com.br/fullchain.pem"
2022/04/21 04:07:54 [error] 118252#0: *20236 open() "/etc/nginx/http.d/.well-known/acme-challenge/6x02mutf0grYHDmUAIfUBRFLCYwBAeyj1twaLcRKQyg" failed (2: No such file or directory), client: 64.78.149.164, server: dynmap.survivalist.com.br, request: "GET /.well-known/acme-challenge/6x02mutf0grYHDmUAIfUBRFLCYwBAeyj1twaLcRKQyg HTTP/1.1", host: "dynmap.survivalist.com.br"
2022/04/21 04:07:54 [error] 118252#0: *20237 open() "/etc/nginx/http.d/.well-known/acme-challenge/6x02mutf0grYHDmUAIfUBRFLCYwBAeyj1twaLcRKQyg" failed (2: No such file or directory), client: 18.192.99.12, server: dynmap.survivalist.com.br, request: "GET /.well-known/acme-challenge/6x02mutf0grYHDmUAIfUBRFLCYwBAeyj1twaLcRKQyg HTTP/1.1", host: "dynmap.survivalist.com.br"
2022/04/21 04:07:57 [error] 118252#0: *20238 open() "/etc/nginx/http.d/.well-known/acme-challenge/ryReQmwW3SFMJRTu7B65H4sw8HMFzIvWVgXhGREVYts" failed (2: No such file or directory), client: 3.133.99.173, server: dynmap.survivalist.com.br, request: "GET /.well-known/acme-challenge/ryReQmwW3SFMJRTu7B65H4sw8HMFzIvWVgXhGREVYts HTTP/1.1", host: "forum.survivalist.com.br"
2022/04/21 04:07:58 [error] 118252#0: *20239 open() "/etc/nginx/http.d/.well-known/acme-challenge/ryReQmwW3SFMJRTu7B65H4sw8HMFzIvWVgXhGREVYts" failed (2: No such file or directory), client: 54.201.106.94, server: dynmap.survivalist.com.br, request: "GET /.well-known/acme-challenge/ryReQmwW3SFMJRTu7B65H4sw8HMFzIvWVgXhGREVYts HTTP/1.1", host: "forum.survivalist.com.br"
2022/04/21 04:07:58 [error] 118252#0: *20240 open() "/etc/nginx/http.d/.well-known/acme-challenge/ryReQmwW3SFMJRTu7B65H4sw8HMFzIvWVgXhGREVYts" failed (2: No such file or directory), client: 66.133.109.36, server: dynmap.survivalist.com.br, request: "GET /.well-known/acme-challenge/ryReQmwW3SFMJRTu7B65H4sw8HMFzIvWVgXhGREVYts HTTP/1.1", host: "forum.survivalist.com.br"
2022/04/21 04:07:58 [error] 118252#0: *20241 open() "/etc/nginx/http.d/.well-known/acme-challenge/ryReQmwW3SFMJRTu7B65H4sw8HMFzIvWVgXhGREVYts" failed (2: No such file or directory), client: 3.70.226.171, server: dynmap.survivalist.com.br, request: "GET /.well-known/acme-challenge/ryReQmwW3SFMJRTu7B65H4sw8HMFzIvWVgXhGREVYts HTTP/1.1", host: "forum.survivalist.com.br"
2022/04/21 09:50:13 [error] 118252#0: r3.o.lencr.org could not be resolved (110: Operation timed out) while requesting certificate status, responder: r3.o.lencr.org, certificate: "/etc/letsencrypt/live/dynmap.survivalist.com.br/fullchain.pem"
2022/04/21 10:01:01 [error] 118252#0: r3.o.lencr.org could not be resolved (110: Operation timed out) while requesting certificate status, responder: r3.o.lencr.org, certificate: "/etc/letsencrypt/live/dynmap.survivalist.com.br/fullchain.pem"
2022/04/21 13:20:58 [error] 118252#0: r3.o.lencr.org could not be resolved (110: Operation timed out) while requesting certificate status, responder: r3.o.lencr.org, certificate: "/etc/letsencrypt/live/dynmap.survivalist.com.br/fullchain.pem"
2022/04/21 13:36:28 [error] 118252#0: *20593 open() "/etc/nginx/http.d/.well-known/acme-challenge/HED3_WW8E1QWYHAGQUWJQ1BKFY_GQ9E_" failed (2: No such file or directory), client: 192.185.176.212, server: dynmap.survivalist.com.br, request: "GET /.well-known/acme-challenge/HED3_WW8E1QWYHAGQUWJQ1BKFY_GQ9E_ HTTP/1.1", host: "survivalist.com.br"
2022/04/21 16:45:44 [error] 118252#0: r3.o.lencr.org could not be resolved (110: Operation timed out) while requesting certificate status, responder: r3.o.lencr.org, certificate: "/etc/letsencrypt/live/dynmap.survivalist.com.br/fullchain.pem"
2022/04/21 19:13:39 [error] 118252#0: r3.o.lencr.org could not be resolved (110: Operation timed out) while requesting certificate status, responder: r3.o.lencr.org, certificate: "/etc/letsencrypt/live/dynmap.survivalist.com.br/fullchain.pem"
2022/04/22 04:06:53 [error] 118252#0: *21172 open() "/etc/nginx/http.d/.well-known/acme-challenge/I8Q1PNQu7K4HrYMBLnsvhYB_MVdko5a7mkfbAKJdF2E" failed (2: No such file or directory), client: 3.21.43.5, server: dynmap.survivalist.com.br, request: "GET /.well-known/acme-challenge/I8Q1PNQu7K4HrYMBLnsvhYB_MVdko5a7mkfbAKJdF2E HTTP/1.1", host: "dynmap.survivalist.com.br"
2022/04/22 04:06:53 [error] 118252#0: *21173 open() "/etc/nginx/http.d/.well-known/acme-challenge/I8Q1PNQu7K4HrYMBLnsvhYB_MVdko5a7mkfbAKJdF2E" failed (2: No such file or directory), client: 66.133.109.36, server: dynmap.survivalist.com.br, request: "GET /.well-known/acme-challenge/I8Q1PNQu7K4HrYMBLnsvhYB_MVdko5a7mkfbAKJdF2E HTTP/1.1", host: "dynmap.survivalist.com.br"
2022/04/22 04:06:53 [error] 118252#0: *21174 open() "/etc/nginx/http.d/.well-known/acme-challenge/I8Q1PNQu7K4HrYMBLnsvhYB_MVdko5a7mkfbAKJdF2E" failed (2: No such file or directory), client: 3.70.226.171, server: dynmap.survivalist.com.br, request: "GET /.well-known/acme-challenge/I8Q1PNQu7K4HrYMBLnsvhYB_MVdko5a7mkfbAKJdF2E HTTP/1.1", host: "dynmap.survivalist.com.br"
2022/04/22 04:06:57 [error] 118252#0: *21175 open() "/etc/nginx/http.d/.well-known/acme-challenge/SrQKeXsOgGzh_EP1dq5wCYhHXcFdggpfNDRSt42E8Jg" failed (2: No such file or directory), client: 3.133.99.173, server: dynmap.survivalist.com.br, request: "GET /.well-known/acme-challenge/SrQKeXsOgGzh_EP1dq5wCYhHXcFdggpfNDRSt42E8Jg HTTP/1.1", host: "forum.survivalist.com.br"
2022/04/22 04:06:57 [error] 118252#0: *21176 open() "/etc/nginx/http.d/.well-known/acme-challenge/SrQKeXsOgGzh_EP1dq5wCYhHXcFdggpfNDRSt42E8Jg" failed (2: No such file or directory), client: 3.70.226.171, server: dynmap.survivalist.com.br, request: "GET /.well-known/acme-challenge/SrQKeXsOgGzh_EP1dq5wCYhHXcFdggpfNDRSt42E8Jg HTTP/1.1", host: "forum.survivalist.com.br"
2022/04/22 04:06:58 [error] 118252#0: *21177 open() "/etc/nginx/http.d/.well-known/acme-challenge/SrQKeXsOgGzh_EP1dq5wCYhHXcFdggpfNDRSt42E8Jg" failed (2: No such file or directory), client: 64.78.149.164, server: dynmap.survivalist.com.br, request: "GET /.well-known/acme-challenge/SrQKeXsOgGzh_EP1dq5wCYhHXcFdggpfNDRSt42E8Jg HTTP/1.1", host: "forum.survivalist.com.br"
2022/04/22 12:27:34 [error] 118252#0: r3.o.lencr.org could not be resolved (110: Operation timed out) while requesting certificate status, responder: r3.o.lencr.org, certificate: "/etc/letsencrypt/live/dynmap.survivalist.com.br/fullchain.pem"
2022/04/22 12:33:17 [error] 118252#0: r3.o.lencr.org could not be resolved (110: Operation timed out) while requesting certificate status, responder: r3.o.lencr.org, certificate: "/etc/letsencrypt/live/dynmap.survivalist.com.br/fullchain.pem"
2022/04/22 13:36:54 [error] 118252#0: *21625 open() "/etc/nginx/http.d/.well-known/acme-challenge/Z5L7M5WK6L67I20A-PHAT19BZRWEND9H" failed (2: No such file or directory), client: 192.185.176.212, server: dynmap.survivalist.com.br, request: "GET /.well-known/acme-challenge/Z5L7M5WK6L67I20A-PHAT19BZRWEND9H HTTP/1.1", host: "survivalist.com.br"
2022/04/22 15:06:02 [error] 118252#0: r3.o.lencr.org could not be resolved (110: Operation timed out) while requesting certificate status, responder: r3.o.lencr.org, certificate: "/etc/letsencrypt/live/dynmap.survivalist.com.br/fullchain.pem"
2022/04/22 15:15:42 [error] 118252#0: r3.o.lencr.org could not be resolved (110: Operation timed out) while requesting certificate status, responder: r3.o.lencr.org, certificate: "/etc/letsencrypt/live/dynmap.survivalist.com.br/fullchain.pem"
2022/04/22 21:59:11 [error] 118252#0: r3.o.lencr.org could not be resolved (110: Operation timed out) while requesting certificate status, responder: r3.o.lencr.org, certificate: "/etc/letsencrypt/live/dynmap.survivalist.com.br/fullchain.pem"
2022/04/22 22:07:49 [error] 118252#0: r3.o.lencr.org could not be resolved (110: Operation timed out) while requesting certificate status, responder: r3.o.lencr.org, certificate: "/etc/letsencrypt/live/dynmap.survivalist.com.br/fullchain.pem"
2022/04/23 01:39:55 [error] 118252#0: r3.o.lencr.org could not be resolved (110: Operation timed out) while requesting certificate status, responder: r3.o.lencr.org, certificate: "/etc/letsencrypt/live/dynmap.survivalist.com.br/fullchain.pem"
2022/04/23 04:05:45 [error] 118252#0: *22441 open() "/etc/nginx/http.d/.well-known/acme-challenge/zgrShCWVZKsZi2ZV3XgQb0M8KKtRKFbzUAwICBnUu4Q" failed (2: No such file or directory), client: 66.133.109.36, server: dynmap.survivalist.com.br, request: "GET /.well-known/acme-challenge/zgrShCWVZKsZi2ZV3XgQb0M8KKtRKFbzUAwICBnUu4Q HTTP/1.1", host: "dynmap.survivalist.com.br"
2022/04/23 04:05:45 [error] 118252#0: *22442 open() "/etc/nginx/http.d/.well-known/acme-challenge/zgrShCWVZKsZi2ZV3XgQb0M8KKtRKFbzUAwICBnUu4Q" failed (2: No such file or directory), client: 13.59.153.150, server: dynmap.survivalist.com.br, request: "GET /.well-known/acme-challenge/zgrShCWVZKsZi2ZV3XgQb0M8KKtRKFbzUAwICBnUu4Q HTTP/1.1", host: "dynmap.survivalist.com.br"
2022/04/23 04:05:49 [error] 118252#0: *22443 open() "/etc/nginx/http.d/.well-known/acme-challenge/K2Su1StexnTcyQ4DALTJ23kN48TcM1rF-h0V7RJBwBU" failed (2: No such file or directory), client: 3.133.99.173, server: dynmap.survivalist.com.br, request: "GET /.well-known/acme-challenge/K2Su1StexnTcyQ4DALTJ23kN48TcM1rF-h0V7RJBwBU HTTP/1.1", host: "forum.survivalist.com.br"
2022/04/23 04:05:49 [error] 118252#0: *22444 open() "/etc/nginx/http.d/.well-known/acme-challenge/K2Su1StexnTcyQ4DALTJ23kN48TcM1rF-h0V7RJBwBU" failed (2: No such file or directory), client: 3.70.226.171, server: dynmap.survivalist.com.br, request: "GET /.well-known/acme-challenge/K2Su1StexnTcyQ4DALTJ23kN48TcM1rF-h0V7RJBwBU HTTP/1.1", host: "forum.survivalist.com.br"
2022/04/23 04:05:51 [error] 118252#0: *22445 open() "/etc/nginx/http.d/.well-known/acme-challenge/K2Su1StexnTcyQ4DALTJ23kN48TcM1rF-h0V7RJBwBU" failed (2: No such file or directory), client: 66.133.109.36, server: dynmap.survivalist.com.br, request: "GET /.well-known/acme-challenge/K2Su1StexnTcyQ4DALTJ23kN48TcM1rF-h0V7RJBwBU HTTP/1.1", host: "forum.survivalist.com.br"
2022/04/23 09:37:18 [error] 118252#0: r3.o.lencr.org could not be resolved (110: Operation timed out) while requesting certificate status, responder: r3.o.lencr.org, certificate: "/etc/letsencrypt/live/dynmap.survivalist.com.br/fullchain.pem"
2022/04/23 13:37:27 [error] 118252#0: *22769 open() "/etc/nginx/http.d/.well-known/acme-challenge/Q6_5UWV3I3ANL-EYA-IS7H0QG446SIKF" failed (2: No such file or directory), client: 192.185.176.212, server: dynmap.survivalist.com.br, request: "GET /.well-known/acme-challenge/Q6_5UWV3I3ANL-EYA-IS7H0QG446SIKF HTTP/1.1", host: "survivalist.com.br"
2022/04/23 18:18:15 [error] 118252#0: r3.o.lencr.org could not be resolved (110: Operation timed out) while requesting certificate status, responder: r3.o.lencr.org, certificate: "/etc/letsencrypt/live/dynmap.survivalist.com.br/fullchain.pem"
2022/04/23 20:45:18 [error] 118252#0: r3.o.lencr.org could not be resolved (110: Operation timed out) while requesting certificate status, responder: r3.o.lencr.org, certificate: "/etc/letsencrypt/live/dynmap.survivalist.com.br/fullchain.pem"
2022/04/24 00:14:39 [error] 118252#0: r3.o.lencr.org could not be resolved (110: Operation timed out) while requesting certificate status, responder: r3.o.lencr.org, certificate: "/etc/letsencrypt/live/dynmap.survivalist.com.br/fullchain.pem"
2022/04/24 04:04:33 [error] 118252#0: *23263 open() "/etc/nginx/http.d/.well-known/acme-challenge/WCRbAO1J-tkt9LbtlnoUXQsWDEe2u0YlmWIuUn3o65Q" failed (2: No such file or directory), client: 64.78.149.164, server: dynmap.survivalist.com.br, request: "GET /.well-known/acme-challenge/WCRbAO1J-tkt9LbtlnoUXQsWDEe2u0YlmWIuUn3o65Q HTTP/1.1", host: "dynmap.survivalist.com.br"
2022/04/24 04:04:52 [error] 118252#0: *23264 open() "/etc/nginx/http.d/.well-known/acme-challenge/izd6iGI3PKDeBFkiq3fEywFEylGUkB00QrLqAkIYyn0" failed (2: No such file or directory), client: 3.21.43.5, server: dynmap.survivalist.com.br, request: "GET /.well-known/acme-challenge/izd6iGI3PKDeBFkiq3fEywFEylGUkB00QrLqAkIYyn0 HTTP/1.1", host: "forum.survivalist.com.br"
2022/04/24 04:04:53 [error] 118252#0: *23265 open() "/etc/nginx/http.d/.well-known/acme-challenge/izd6iGI3PKDeBFkiq3fEywFEylGUkB00QrLqAkIYyn0" failed (2: No such file or directory), client: 64.78.149.164, server: dynmap.survivalist.com.br, request: "GET /.well-known/acme-challenge/izd6iGI3PKDeBFkiq3fEywFEylGUkB00QrLqAkIYyn0 HTTP/1.1", host: "forum.survivalist.com.br"
2022/04/24 13:36:37 [error] 118252#0: *23549 open() "/etc/nginx/http.d/.well-known/acme-challenge/Y7BAJW8KED1_PPXA2JBVI3TGOEFNK1Y-" failed (2: No such file or directory), client: 192.185.176.212, server: dynmap.survivalist.com.br, request: "GET /.well-known/acme-challenge/Y7BAJW8KED1_PPXA2JBVI3TGOEFNK1Y- HTTP/1.1", host: "survivalist.com.br"
2022/04/24 19:34:11 [error] 118252#0: r3.o.lencr.org could not be resolved (110: Operation timed out) while requesting certificate status, responder: r3.o.lencr.org, certificate: "/etc/letsencrypt/live/dynmap.survivalist.com.br/fullchain.pem"
2022/04/24 23:11:54 [error] 118252#0: r3.o.lencr.org could not be resolved (110: Operation timed out) while requesting certificate status, responder: r3.o.lencr.org, certificate: "/etc/letsencrypt/live/dynmap.survivalist.com.br/fullchain.pem"
2022/04/25 04:06:30 [error] 118252#0: *24045 open() "/etc/nginx/http.d/.well-known/acme-challenge/UxzaTEeC76S-rv6OTHlVF5SUVZflpnSFBFLooYJ07Lk" failed (2: No such file or directory), client: 3.133.99.173, server: dynmap.survivalist.com.br, request: "GET /.well-known/acme-challenge/UxzaTEeC76S-rv6OTHlVF5SUVZflpnSFBFLooYJ07Lk HTTP/1.1", host: "dynmap.survivalist.com.br"
2022/04/25 04:06:30 [error] 118252#0: *24046 open() "/etc/nginx/http.d/.well-known/acme-challenge/UxzaTEeC76S-rv6OTHlVF5SUVZflpnSFBFLooYJ07Lk" failed (2: No such file or directory), client: 66.133.109.36, server: dynmap.survivalist.com.br, request: "GET /.well-known/acme-challenge/UxzaTEeC76S-rv6OTHlVF5SUVZflpnSFBFLooYJ07Lk HTTP/1.1", host: "dynmap.survivalist.com.br"
2022/04/25 04:06:34 [error] 118252#0: *24047 open() "/etc/nginx/http.d/.well-known/acme-challenge/dUlyTLH-eOWqsS44LHyediGzwZPjIxCNTNPnZlOSV7Y" failed (2: No such file or directory), client: 13.59.153.150, server: dynmap.survivalist.com.br, request: "GET /.well-known/acme-challenge/dUlyTLH-eOWqsS44LHyediGzwZPjIxCNTNPnZlOSV7Y HTTP/1.1", host: "forum.survivalist.com.br"
2022/04/25 04:06:34 [error] 118252#0: *24048 open() "/etc/nginx/http.d/.well-known/acme-challenge/dUlyTLH-eOWqsS44LHyediGzwZPjIxCNTNPnZlOSV7Y" failed (2: No such file or directory), client: 64.78.149.164, server: dynmap.survivalist.com.br, request: "GET /.well-known/acme-challenge/dUlyTLH-eOWqsS44LHyediGzwZPjIxCNTNPnZlOSV7Y HTTP/1.1", host: "forum.survivalist.com.br"
2022/04/25 13:37:09 [error] 118252#0: *24405 open() "/etc/nginx/http.d/.well-known/acme-challenge/X6_ME3VWURGIOLV1P0PKRO325_V8RXSS" failed (2: No such file or directory), client: 192.185.176.212, server: dynmap.survivalist.com.br, request: "GET /.well-known/acme-challenge/X6_ME3VWURGIOLV1P0PKRO325_V8RXSS HTTP/1.1", host: "survivalist.com.br"
2022/04/25 19:34:19 [error] 118252#0: r3.o.lencr.org could not be resolved (110: Operation timed out) while requesting certificate status, responder: r3.o.lencr.org, certificate: "/etc/letsencrypt/live/dynmap.survivalist.com.br/fullchain.pem"
2022/04/25 19:42:25 [error] 118252#0: r3.o.lencr.org could not be resolved (110: Operation timed out) while requesting certificate status, responder: r3.o.lencr.org, certificate: "/etc/letsencrypt/live/dynmap.survivalist.com.br/fullchain.pem"
2022/04/25 22:07:50 [error] 118252#0: r3.o.lencr.org could not be resolved (110: Operation timed out) while requesting certificate status, responder: r3.o.lencr.org, certificate: "/etc/letsencrypt/live/dynmap.survivalist.com.br/fullchain.pem"
2022/04/26 02:13:39 [error] 118252#0: r3.o.lencr.org could not be resolved (110: Operation timed out) while requesting certificate status, responder: r3.o.lencr.org, certificate: "/etc/letsencrypt/live/dynmap.survivalist.com.br/fullchain.pem"
2022/04/26 04:04:57 [error] 118252#0: *24868 open() "/etc/nginx/http.d/.well-known/acme-challenge/oiCTRLcxPt0G0ORhbZZAlh1sUUr7o1zMakOSRn6Vpno" failed (2: No such file or directory), client: 3.133.99.173, server: dynmap.survivalist.com.br, request: "GET /.well-known/acme-challenge/oiCTRLcxPt0G0ORhbZZAlh1sUUr7o1zMakOSRn6Vpno HTTP/1.1", host: "dynmap.survivalist.com.br"
2022/04/26 04:04:58 [error] 118252#0: *24869 open() "/etc/nginx/http.d/.well-known/acme-challenge/oiCTRLcxPt0G0ORhbZZAlh1sUUr7o1zMakOSRn6Vpno" failed (2: No such file or directory), client: 64.78.149.164, server: dynmap.survivalist.com.br, request: "GET /.well-known/acme-challenge/oiCTRLcxPt0G0ORhbZZAlh1sUUr7o1zMakOSRn6Vpno HTTP/1.1", host: "dynmap.survivalist.com.br"
2022/04/26 04:05:01 [error] 118252#0: *24870 open() "/etc/nginx/http.d/.well-known/acme-challenge/NZJcg-42SyJAQXTx9XUJhDotSeLJLxP7DxG4S3FlxeY" failed (2: No such file or directory), client: 13.59.153.150, server: dynmap.survivalist.com.br, request: "GET /.well-known/acme-challenge/NZJcg-42SyJAQXTx9XUJhDotSeLJLxP7DxG4S3FlxeY HTTP/1.1", host: "forum.survivalist.com.br"
2022/04/26 04:05:01 [error] 118252#0: *24871 open() "/etc/nginx/http.d/.well-known/acme-challenge/NZJcg-42SyJAQXTx9XUJhDotSeLJLxP7DxG4S3FlxeY" failed (2: No such file or directory), client: 66.133.109.36, server: dynmap.survivalist.com.br, request: "GET /.well-known/acme-challenge/NZJcg-42SyJAQXTx9XUJhDotSeLJLxP7DxG4S3FlxeY HTTP/1.1", host: "forum.survivalist.com.br"
2022/04/26 04:05:01 [error] 118252#0: *24872 open() "/etc/nginx/http.d/.well-known/acme-challenge/NZJcg-42SyJAQXTx9XUJhDotSeLJLxP7DxG4S3FlxeY" failed (2: No such file or directory), client: 34.216.192.11, server: dynmap.survivalist.com.br, request: "GET /.well-known/acme-challenge/NZJcg-42SyJAQXTx9XUJhDotSeLJLxP7DxG4S3FlxeY HTTP/1.1", host: "forum.survivalist.com.br"
2022/04/26 04:05:01 [error] 118252#0: *24873 open() "/etc/nginx/http.d/.well-known/acme-challenge/NZJcg-42SyJAQXTx9XUJhDotSeLJLxP7DxG4S3FlxeY" failed (2: No such file or directory), client: 18.192.99.12, server: dynmap.survivalist.com.br, request: "GET /.well-known/acme-challenge/NZJcg-42SyJAQXTx9XUJhDotSeLJLxP7DxG4S3FlxeY HTTP/1.1", host: "forum.survivalist.com.br"
2022/04/26 10:16:02 [error] 118252#0: r3.o.lencr.org could not be resolved (110: Operation timed out) while requesting certificate status, responder: r3.o.lencr.org, certificate: "/etc/letsencrypt/live/dynmap.survivalist.com.br/fullchain.pem"
2022/04/26 13:35:55 [error] 118252#0: *25170 open() "/etc/nginx/http.d/.well-known/acme-challenge/_S6L63IRZLNZSH4Q-6L4IORY0FPTWU07" failed (2: No such file or directory), client: 192.185.176.212, server: dynmap.survivalist.com.br, request: "GET /.well-known/acme-challenge/_S6L63IRZLNZSH4Q-6L4IORY0FPTWU07 HTTP/1.1", host: "survivalist.com.br"
2022/04/26 15:00:18 [error] 118252#0: r3.o.lencr.org could not be resolved (110: Operation timed out) while requesting certificate status, responder: r3.o.lencr.org, certificate: "/etc/letsencrypt/live/dynmap.survivalist.com.br/fullchain.pem"
2022/04/26 19:18:48 [error] 118252#0: r3.o.lencr.org could not be resolved (110: Operation timed out) while requesting certificate status, responder: r3.o.lencr.org, certificate: "/etc/letsencrypt/live/dynmap.survivalist.com.br/fullchain.pem"
2022/04/27 02:09:14 [error] 118252#0: r3.o.lencr.org could not be resolved (110: Operation timed out) while requesting certificate status, responder: r3.o.lencr.org, certificate: "/etc/letsencrypt/live/dynmap.survivalist.com.br/fullchain.pem"
2022/04/27 04:08:18 [error] 118252#0: *25666 open() "/etc/nginx/http.d/.well-known/acme-challenge/1bArUFNYJd9GKcfVEdInA-NThCzxnnAasN23WbJhZlI" failed (2: No such file or directory), client: 3.144.218.183, server: dynmap.survivalist.com.br, request: "GET /.well-known/acme-challenge/1bArUFNYJd9GKcfVEdInA-NThCzxnnAasN23WbJhZlI HTTP/1.1", host: "dynmap.survivalist.com.br"
2022/04/27 04:08:18 [error] 118252#0: *25667 open() "/etc/nginx/http.d/.well-known/acme-challenge/1bArUFNYJd9GKcfVEdInA-NThCzxnnAasN23WbJhZlI" failed (2: No such file or directory), client: 64.78.149.164, server: dynmap.survivalist.com.br, request: "GET /.well-known/acme-challenge/1bArUFNYJd9GKcfVEdInA-NThCzxnnAasN23WbJhZlI HTTP/1.1", host: "dynmap.survivalist.com.br"
2022/04/27 04:08:22 [error] 118252#0: *25668 open() "/etc/nginx/http.d/.well-known/acme-challenge/aLPaVdQPPVOfB81PngLLZID_uR-lfgJ0MqYJykJ3U_k" failed (2: No such file or directory), client: 3.144.218.183, server: dynmap.survivalist.com.br, request: "GET /.well-known/acme-challenge/aLPaVdQPPVOfB81PngLLZID_uR-lfgJ0MqYJykJ3U_k HTTP/1.1", host: "forum.survivalist.com.br"
2022/04/27 04:08:23 [error] 118252#0: *25669 open() "/etc/nginx/http.d/.well-known/acme-challenge/aLPaVdQPPVOfB81PngLLZID_uR-lfgJ0MqYJykJ3U_k" failed (2: No such file or directory), client: 34.211.11.88, server: dynmap.survivalist.com.br, request: "GET /.well-known/acme-challenge/aLPaVdQPPVOfB81PngLLZID_uR-lfgJ0MqYJykJ3U_k HTTP/1.1", host: "forum.survivalist.com.br"
2022/04/27 04:08:23 [error] 118252#0: *25670 open() "/etc/nginx/http.d/.well-known/acme-challenge/aLPaVdQPPVOfB81PngLLZID_uR-lfgJ0MqYJykJ3U_k" failed (2: No such file or directory), client: 18.192.23.35, server: dynmap.survivalist.com.br, request: "GET /.well-known/acme-challenge/aLPaVdQPPVOfB81PngLLZID_uR-lfgJ0MqYJykJ3U_k HTTP/1.1", host: "forum.survivalist.com.br"
2022/04/27 04:08:32 [error] 118252#0: *25671 open() "/etc/nginx/http.d/.well-known/acme-challenge/aLPaVdQPPVOfB81PngLLZID_uR-lfgJ0MqYJykJ3U_k" failed (2: No such file or directory), client: 66.133.109.36, server: dynmap.survivalist.com.br, request: "GET /.well-known/acme-challenge/aLPaVdQPPVOfB81PngLLZID_uR-lfgJ0MqYJykJ3U_k HTTP/1.1", host: "forum.survivalist.com.br"
2022/04/27 05:24:10 [error] 118252#0: r3.o.lencr.org could not be resolved (110: Operation timed out) while requesting certificate status, responder: r3.o.lencr.org, certificate: "/etc/letsencrypt/live/dynmap.survivalist.com.br/fullchain.pem"
2022/04/27 12:54:05 [error] 118252#0: r3.o.lencr.org could not be resolved (110: Operation timed out) while requesting certificate status, responder: r3.o.lencr.org, certificate: "/etc/letsencrypt/live/dynmap.survivalist.com.br/fullchain.pem"
2022/04/27 13:36:42 [error] 118252#0: *26099 open() "/etc/nginx/http.d/.well-known/acme-challenge/6XRIP-75IIW8A9TYY_QE3XTD5LID5AS7" failed (2: No such file or directory), client: 192.185.176.212, server: dynmap.survivalist.com.br, request: "GET /.well-known/acme-challenge/6XRIP-75IIW8A9TYY_QE3XTD5LID5AS7 HTTP/1.1", host: "survivalist.com.br"
2022/04/27 17:40:19 [error] 118252#0: r3.o.lencr.org could not be resolved (110: Operation timed out) while requesting certificate status, responder: r3.o.lencr.org, certificate: "/etc/letsencrypt/live/dynmap.survivalist.com.br/fullchain.pem"
2022/04/27 21:35:19 [error] 118252#0: r3.o.lencr.org could not be resolved (110: Operation timed out) while requesting certificate status, responder: r3.o.lencr.org, certificate: "/etc/letsencrypt/live/dynmap.survivalist.com.br/fullchain.pem"
2022/04/28 04:06:03 [error] 118252#0: *26787 open() "/etc/nginx/http.d/.well-known/acme-challenge/0hsebcBfcWak8xWefcgrifwXfWiQ4UIzk_ZaIdn7OMU" failed (2: No such file or directory), client: 3.129.249.56, server: dynmap.survivalist.com.br, request: "GET /.well-known/acme-challenge/0hsebcBfcWak8xWefcgrifwXfWiQ4UIzk_ZaIdn7OMU HTTP/1.1", host: "dynmap.survivalist.com.br"
2022/04/28 04:06:03 [error] 118252#0: *26788 open() "/etc/nginx/http.d/.well-known/acme-challenge/0hsebcBfcWak8xWefcgrifwXfWiQ4UIzk_ZaIdn7OMU" failed (2: No such file or directory), client: 66.133.109.36, server: dynmap.survivalist.com.br, request: "GET /.well-known/acme-challenge/0hsebcBfcWak8xWefcgrifwXfWiQ4UIzk_ZaIdn7OMU HTTP/1.1", host: "dynmap.survivalist.com.br"
2022/04/28 04:06:06 [error] 118252#0: *26789 open() "/etc/nginx/http.d/.well-known/acme-challenge/fuMrIiIDG8M4TTk4Mr0lPlptlqYz15XoC9TnSYC1Lsk" failed (2: No such file or directory), client: 3.129.249.56, server: dynmap.survivalist.com.br, request: "GET /.well-known/acme-challenge/fuMrIiIDG8M4TTk4Mr0lPlptlqYz15XoC9TnSYC1Lsk HTTP/1.1", host: "forum.survivalist.com.br"
2022/04/28 04:06:07 [error] 118252#0: *26790 open() "/etc/nginx/http.d/.well-known/acme-challenge/fuMrIiIDG8M4TTk4Mr0lPlptlqYz15XoC9TnSYC1Lsk" failed (2: No such file or directory), client: 64.78.149.164, server: dynmap.survivalist.com.br, request: "GET /.well-known/acme-challenge/fuMrIiIDG8M4TTk4Mr0lPlptlqYz15XoC9TnSYC1Lsk HTTP/1.1", host: "forum.survivalist.com.br"
2022/04/28 04:06:07 [error] 118252#0: *26791 open() "/etc/nginx/http.d/.well-known/acme-challenge/fuMrIiIDG8M4TTk4Mr0lPlptlqYz15XoC9TnSYC1Lsk" failed (2: No such file or directory), client: 34.211.11.88, server: dynmap.survivalist.com.br, request: "GET /.well-known/acme-challenge/fuMrIiIDG8M4TTk4Mr0lPlptlqYz15XoC9TnSYC1Lsk HTTP/1.1", host: "forum.survivalist.com.br"
2022/04/28 04:06:07 [error] 118252#0: *26792 open() "/etc/nginx/http.d/.well-known/acme-challenge/fuMrIiIDG8M4TTk4Mr0lPlptlqYz15XoC9TnSYC1Lsk" failed (2: No such file or directory), client: 3.73.159.42, server: dynmap.survivalist.com.br, request: "GET /.well-known/acme-challenge/fuMrIiIDG8M4TTk4Mr0lPlptlqYz15XoC9TnSYC1Lsk HTTP/1.1", host: "forum.survivalist.com.br"
2022/04/28 09:18:19 [error] 118252#0: r3.o.lencr.org could not be resolved (110: Operation timed out) while requesting certificate status, responder: r3.o.lencr.org, certificate: "/etc/letsencrypt/live/dynmap.survivalist.com.br/fullchain.pem"
2022/04/28 11:47:00 [error] 118252#0: r3.o.lencr.org could not be resolved (110: Operation timed out) while requesting certificate status, responder: r3.o.lencr.org, certificate: "/etc/letsencrypt/live/dynmap.survivalist.com.br/fullchain.pem"
2022/04/28 13:37:48 [error] 118252#0: *27254 open() "/etc/nginx/http.d/.well-known/acme-challenge/OPSX3XPZ5X7TSRYLOASOIXGR8GRQ4VQS" failed (2: No such file or directory), client: 192.185.176.212, server: dynmap.survivalist.com.br, request: "GET /.well-known/acme-challenge/OPSX3XPZ5X7TSRYLOASOIXGR8GRQ4VQS HTTP/1.1", host: "survivalist.com.br"
2022/04/29 04:00:53 [error] 118252#0: *27846 open() "/etc/nginx/http.d/.well-known/acme-challenge/vyJ1osJkpqsFeLTzbK0yF8_JVt1dhYZ3biYQIK9OLDg" failed (2: No such file or directory), client: 18.225.32.50, server: dynmap.survivalist.com.br, request: "GET /.well-known/acme-challenge/vyJ1osJkpqsFeLTzbK0yF8_JVt1dhYZ3biYQIK9OLDg HTTP/1.1", host: "dynmap.survivalist.com.br"
2022/04/29 04:00:53 [error] 118252#0: *27847 open() "/etc/nginx/http.d/.well-known/acme-challenge/vyJ1osJkpqsFeLTzbK0yF8_JVt1dhYZ3biYQIK9OLDg" failed (2: No such file or directory), client: 64.78.149.164, server: dynmap.survivalist.com.br, request: "GET /.well-known/acme-challenge/vyJ1osJkpqsFeLTzbK0yF8_JVt1dhYZ3biYQIK9OLDg HTTP/1.1", host: "dynmap.survivalist.com.br"
2022/04/29 04:00:57 [error] 118252#0: *27848 open() "/etc/nginx/http.d/.well-known/acme-challenge/bdX4MNFBgHPTJ-OApFigmWvWL7PWX3T_Jze4xPPYpeg" failed (2: No such file or directory), client: 18.225.32.50, server: dynmap.survivalist.com.br, request: "GET /.well-known/acme-challenge/bdX4MNFBgHPTJ-OApFigmWvWL7PWX3T_Jze4xPPYpeg HTTP/1.1", host: "forum.survivalist.com.br"
2022/04/29 04:00:57 [error] 118252#0: *27849 open() "/etc/nginx/http.d/.well-known/acme-challenge/bdX4MNFBgHPTJ-OApFigmWvWL7PWX3T_Jze4xPPYpeg" failed (2: No such file or directory), client: 34.211.11.88, server: dynmap.survivalist.com.br, request: "GET /.well-known/acme-challenge/bdX4MNFBgHPTJ-OApFigmWvWL7PWX3T_Jze4xPPYpeg HTTP/1.1", host: "forum.survivalist.com.br"
2022/04/29 04:00:57 [error] 118252#0: *27850 open() "/etc/nginx/http.d/.well-known/acme-challenge/bdX4MNFBgHPTJ-OApFigmWvWL7PWX3T_Jze4xPPYpeg" failed (2: No such file or directory), client: 3.73.159.42, server: dynmap.survivalist.com.br, request: "GET /.well-known/acme-challenge/bdX4MNFBgHPTJ-OApFigmWvWL7PWX3T_Jze4xPPYpeg HTTP/1.1", host: "forum.survivalist.com.br"
2022/04/29 04:00:59 [error] 118252#0: *27851 open() "/etc/nginx/http.d/.well-known/acme-challenge/bdX4MNFBgHPTJ-OApFigmWvWL7PWX3T_Jze4xPPYpeg" failed (2: No such file or directory), client: 66.133.109.36, server: dynmap.survivalist.com.br, request: "GET /.well-known/acme-challenge/bdX4MNFBgHPTJ-OApFigmWvWL7PWX3T_Jze4xPPYpeg HTTP/1.1", host: "forum.survivalist.com.br"
2022/04/29 06:25:53 [error] 118252#0: r3.o.lencr.org could not be resolved (110: Operation timed out) while requesting certificate status, responder: r3.o.lencr.org, certificate: "/etc/letsencrypt/live/dynmap.survivalist.com.br/fullchain.pem"
2022/04/29 08:36:37 [error] 118252#0: r3.o.lencr.org could not be resolved (110: Operation timed out) while requesting certificate status, responder: r3.o.lencr.org, certificate: "/etc/letsencrypt/live/dynmap.survivalist.com.br/fullchain.pem"
2022/04/29 08:43:28 [error] 118252#0: r3.o.lencr.org could not be resolved (110: Operation timed out) while requesting certificate status, responder: r3.o.lencr.org, certificate: "/etc/letsencrypt/live/dynmap.survivalist.com.br/fullchain.pem"
2022/04/29 10:54:16 [error] 118252#0: r3.o.lencr.org could not be resolved (110: Operation timed out) while requesting certificate status, responder: r3.o.lencr.org, certificate: "/etc/letsencrypt/live/dynmap.survivalist.com.br/fullchain.pem"
2022/04/29 11:01:46 [error] 118252#0: r3.o.lencr.org could not be resolved (110: Operation timed out) while requesting certificate status, responder: r3.o.lencr.org, certificate: "/etc/letsencrypt/live/dynmap.survivalist.com.br/fullchain.pem"
2022/04/29 13:36:50 [error] 118252#0: *28186 open() "/etc/nginx/http.d/.well-known/acme-challenge/DNJS63XYFMP-SJC-W6W29JGS4_XLE0CY" failed (2: No such file or directory), client: 192.185.176.212, server: dynmap.survivalist.com.br, request: "GET /.well-known/acme-challenge/DNJS63XYFMP-SJC-W6W29JGS4_XLE0CY HTTP/1.1", host: "survivalist.com.br"
2022/04/29 13:52:47 [error] 118252#0: r3.o.lencr.org could not be resolved (110: Operation timed out) while requesting certificate status, responder: r3.o.lencr.org, certificate: "/etc/letsencrypt/live/dynmap.survivalist.com.br/fullchain.pem"
2022/04/29 17:30:22 [error] 118252#0: r3.o.lencr.org could not be resolved (110: Operation timed out) while requesting certificate status, responder: r3.o.lencr.org, certificate: "/etc/letsencrypt/live/dynmap.survivalist.com.br/fullchain.pem"
2022/04/29 17:39:15 [error] 118252#0: r3.o.lencr.org could not be resolved (110: Operation timed out) while requesting certificate status, responder: r3.o.lencr.org, certificate: "/etc/letsencrypt/live/dynmap.survivalist.com.br/fullchain.pem"
2022/04/29 21:40:49 [error] 118252#0: r3.o.lencr.org could not be resolved (110: Operation timed out) while requesting certificate status, responder: r3.o.lencr.org, certificate: "/etc/letsencrypt/live/dynmap.survivalist.com.br/fullchain.pem"
2022/04/30 00:06:51 [error] 118252#0: r3.o.lencr.org could not be resolved (110: Operation timed out) while requesting certificate status, responder: r3.o.lencr.org, certificate: "/etc/letsencrypt/live/dynmap.survivalist.com.br/fullchain.pem"
2022/04/30 00:15:04 [error] 118252#0: r3.o.lencr.org could not be resolved (110: Operation timed out) while requesting certificate status, responder: r3.o.lencr.org, certificate: "/etc/letsencrypt/live/dynmap.survivalist.com.br/fullchain.pem"
2022/04/30 02:51:22 [error] 118252#0: r3.o.lencr.org could not be resolved (110: Operation timed out) while requesting certificate status, responder: r3.o.lencr.org, certificate: "/etc/letsencrypt/live/dynmap.survivalist.com.br/fullchain.pem"
2022/04/30 04:07:04 [error] 118252#0: *28685 open() "/etc/nginx/http.d/.well-known/acme-challenge/sGOzvo2gccY354lgcbysvscVzlbc4RfW-ZE77g5hoHM" failed (2: No such file or directory), client: 66.133.109.36, server: dynmap.survivalist.com.br, request: "GET /.well-known/acme-challenge/sGOzvo2gccY354lgcbysvscVzlbc4RfW-ZE77g5hoHM HTTP/1.1", host: "dynmap.survivalist.com.br"
2022/04/30 04:07:04 [error] 118252#0: *28686 open() "/etc/nginx/http.d/.well-known/acme-challenge/sGOzvo2gccY354lgcbysvscVzlbc4RfW-ZE77g5hoHM" failed (2: No such file or directory), client: 3.129.249.56, server: dynmap.survivalist.com.br, request: "GET /.well-known/acme-challenge/sGOzvo2gccY354lgcbysvscVzlbc4RfW-ZE77g5hoHM HTTP/1.1", host: "dynmap.survivalist.com.br"
2022/04/30 04:07:07 [error] 118252#0: *28687 open() "/etc/nginx/http.d/.well-known/acme-challenge/7kGVSJtsJcIPAbik5v3mIW-UWHca6Y39Zc5AcQMihAQ" failed (2: No such file or directory), client: 3.129.249.56, server: dynmap.survivalist.com.br, request: "GET /.well-known/acme-challenge/7kGVSJtsJcIPAbik5v3mIW-UWHca6Y39Zc5AcQMihAQ HTTP/1.1", host: "forum.survivalist.com.br"
2022/04/30 04:07:08 [error] 118252#0: *28688 open() "/etc/nginx/http.d/.well-known/acme-challenge/7kGVSJtsJcIPAbik5v3mIW-UWHca6Y39Zc5AcQMihAQ" failed (2: No such file or directory), client: 66.133.109.36, server: dynmap.survivalist.com.br, request: "GET /.well-known/acme-challenge/7kGVSJtsJcIPAbik5v3mIW-UWHca6Y39Zc5AcQMihAQ HTTP/1.1", host: "forum.survivalist.com.br"
2022/04/30 13:36:27 [error] 118252#0: *29173 open() "/etc/nginx/http.d/.well-known/acme-challenge/B_CYXNK0JEN39AGBJHARRGRIAOXB8G_H" failed (2: No such file or directory), client: 192.185.176.212, server: dynmap.survivalist.com.br, request: "GET /.well-known/acme-challenge/B_CYXNK0JEN39AGBJHARRGRIAOXB8G_H HTTP/1.1", host: "survivalist.com.br"
2022/04/30 20:30:53 [error] 118252#0: r3.o.lencr.org could not be resolved (110: Operation timed out) while requesting certificate status, responder: r3.o.lencr.org, certificate: "/etc/letsencrypt/live/dynmap.survivalist.com.br/fullchain.pem"
2022/05/01 04:05:02 [error] 118252#0: *29795 open() "/etc/nginx/http.d/.well-known/acme-challenge/HfNGQ9OH7gAv6t3mNXR426M7v8lNEx1KdKY42et_HLo" failed (2: No such file or directory), client: 18.225.32.50, server: dynmap.survivalist.com.br, request: "GET /.well-known/acme-challenge/HfNGQ9OH7gAv6t3mNXR426M7v8lNEx1KdKY42et_HLo HTTP/1.1", host: "dynmap.survivalist.com.br"
2022/05/01 04:05:02 [error] 118252#0: *29796 open() "/etc/nginx/http.d/.well-known/acme-challenge/HfNGQ9OH7gAv6t3mNXR426M7v8lNEx1KdKY42et_HLo" failed (2: No such file or directory), client: 66.133.109.36, server: dynmap.survivalist.com.br, request: "GET /.well-known/acme-challenge/HfNGQ9OH7gAv6t3mNXR426M7v8lNEx1KdKY42et_HLo HTTP/1.1", host: "dynmap.survivalist.com.br"
2022/05/01 04:05:06 [error] 118252#0: *29797 open() "/etc/nginx/http.d/.well-known/acme-challenge/3w9tWV_as-jZg50_Sz650wiWK2nk39q61_Nd2QyvTiI" failed (2: No such file or directory), client: 3.73.159.42, server: dynmap.survivalist.com.br, request: "GET /.well-known/acme-challenge/3w9tWV_as-jZg50_Sz650wiWK2nk39q61_Nd2QyvTiI HTTP/1.1", host: "forum.survivalist.com.br"
2022/05/01 04:05:06 [error] 118252#0: *29798 open() "/etc/nginx/http.d/.well-known/acme-challenge/3w9tWV_as-jZg50_Sz650wiWK2nk39q61_Nd2QyvTiI" failed (2: No such file or directory), client: 3.129.249.56, server: dynmap.survivalist.com.br, request: "GET /.well-known/acme-challenge/3w9tWV_as-jZg50_Sz650wiWK2nk39q61_Nd2QyvTiI HTTP/1.1", host: "forum.survivalist.com.br"
2022/05/01 04:05:06 [error] 118252#0: *29799 open() "/etc/nginx/http.d/.well-known/acme-challenge/3w9tWV_as-jZg50_Sz650wiWK2nk39q61_Nd2QyvTiI" failed (2: No such file or directory), client: 66.133.109.36, server: dynmap.survivalist.com.br, request: "GET /.well-known/acme-challenge/3w9tWV_as-jZg50_Sz650wiWK2nk39q61_Nd2QyvTiI HTTP/1.1", host: "forum.survivalist.com.br"
2022/05/01 13:37:17 [error] 118252#0: *30123 open() "/etc/nginx/http.d/.well-known/acme-challenge/1XZEGO759SP_F9KALXC3QSUH0MMPT1KZ" failed (2: No such file or directory), client: 192.185.176.212, server: dynmap.survivalist.com.br, request: "GET /.well-known/acme-challenge/1XZEGO759SP_F9KALXC3QSUH0MMPT1KZ HTTP/1.1", host: "survivalist.com.br"
2022/05/01 14:28:20 [error] 118252#0: r3.o.lencr.org could not be resolved (110: Operation timed out) while requesting certificate status, responder: r3.o.lencr.org, certificate: "/etc/letsencrypt/live/dynmap.survivalist.com.br/fullchain.pem"
2022/05/01 18:13:15 [error] 118252#0: r3.o.lencr.org could not be resolved (110: Operation timed out) while requesting certificate status, responder: r3.o.lencr.org, certificate: "/etc/letsencrypt/live/dynmap.survivalist.com.br/fullchain.pem"
2022/05/01 18:18:46 [error] 118252#0: r3.o.lencr.org could not be resolved (110: Operation timed out) while requesting certificate status, responder: r3.o.lencr.org, certificate: "/etc/letsencrypt/live/dynmap.survivalist.com.br/fullchain.pem"
2022/05/02 00:58:39 [error] 118252#0: r3.o.lencr.org could not be resolved (110: Operation timed out) while requesting certificate status, responder: r3.o.lencr.org, certificate: "/etc/letsencrypt/live/dynmap.survivalist.com.br/fullchain.pem"
2022/05/02 04:08:28 [error] 118252#0: *30600 open() "/etc/nginx/http.d/.well-known/acme-challenge/T3jcoDwZivBre4_SIXvCRcaTCMiqgw20b7ASE1bqvfw" failed (2: No such file or directory), client: 18.225.32.50, server: dynmap.survivalist.com.br, request: "GET /.well-known/acme-challenge/T3jcoDwZivBre4_SIXvCRcaTCMiqgw20b7ASE1bqvfw HTTP/1.1", host: "dynmap.survivalist.com.br"
2022/05/02 04:08:29 [error] 118252#0: *30601 open() "/etc/nginx/http.d/.well-known/acme-challenge/T3jcoDwZivBre4_SIXvCRcaTCMiqgw20b7ASE1bqvfw" failed (2: No such file or directory), client: 64.78.149.164, server: dynmap.survivalist.com.br, request: "GET /.well-known/acme-challenge/T3jcoDwZivBre4_SIXvCRcaTCMiqgw20b7ASE1bqvfw HTTP/1.1", host: "dynmap.survivalist.com.br"
2022/05/02 04:08:32 [error] 118252#0: *30602 open() "/etc/nginx/http.d/.well-known/acme-challenge/bC9fH4D6sStfFBt60UCdmHDEngiEzfhU9N7r-p7OmfI" failed (2: No such file or directory), client: 64.78.149.164, server: dynmap.survivalist.com.br, request: "GET /.well-known/acme-challenge/bC9fH4D6sStfFBt60UCdmHDEngiEzfhU9N7r-p7OmfI HTTP/1.1", host: "forum.survivalist.com.br"
2022/05/02 13:08:56 [error] 118252#0: r3.o.lencr.org could not be resolved (110: Operation timed out) while requesting certificate status, responder: r3.o.lencr.org, certificate: "/etc/letsencrypt/live/dynmap.survivalist.com.br/fullchain.pem"
2022/05/02 13:36:08 [error] 118252#0: *30957 open() "/etc/nginx/http.d/.well-known/acme-challenge/T10BWCMSAW7B6O49MCQL5FP9N2_RCHC9" failed (2: No such file or directory), client: 192.185.176.212, server: dynmap.survivalist.com.br, request: "GET /.well-known/acme-challenge/T10BWCMSAW7B6O49MCQL5FP9N2_RCHC9 HTTP/1.1", host: "survivalist.com.br"
2022/05/02 23:08:00 [error] 118252#0: r3.o.lencr.org could not be resolved (110: Operation timed out) while requesting certificate status, responder: r3.o.lencr.org, certificate: "/etc/letsencrypt/live/dynmap.survivalist.com.br/fullchain.pem"
2022/05/03 01:41:36 [error] 118252#0: r3.o.lencr.org could not be resolved (110: Operation timed out) while requesting certificate status, responder: r3.o.lencr.org, certificate: "/etc/letsencrypt/live/dynmap.survivalist.com.br/fullchain.pem"
2022/05/03 04:07:36 [error] 118252#0: *31915 open() "/etc/nginx/http.d/.well-known/acme-challenge/eBRyZKXZWaDhOt8PImVbk1eV65adPc0obi9Hnd2tpHE" failed (2: No such file or directory), client: 64.78.149.164, server: dynmap.survivalist.com.br, request: "GET /.well-known/acme-challenge/eBRyZKXZWaDhOt8PImVbk1eV65adPc0obi9Hnd2tpHE HTTP/1.1", host: "dynmap.survivalist.com.br"
2022/05/03 04:07:36 [error] 118252#0: *31914 open() "/etc/nginx/http.d/.well-known/acme-challenge/eBRyZKXZWaDhOt8PImVbk1eV65adPc0obi9Hnd2tpHE" failed (2: No such file or directory), client: 52.15.87.53, server: dynmap.survivalist.com.br, request: "GET /.well-known/acme-challenge/eBRyZKXZWaDhOt8PImVbk1eV65adPc0obi9Hnd2tpHE HTTP/1.1", host: "dynmap.survivalist.com.br"
2022/05/03 04:07:39 [error] 118252#0: *31916 open() "/etc/nginx/http.d/.well-known/acme-challenge/11g7QKVpJ5FhfTJVs6_l-YPVGt6uh1IuIQV9GIwVMMY" failed (2: No such file or directory), client: 18.217.125.26, server: dynmap.survivalist.com.br, request: "GET /.well-known/acme-challenge/11g7QKVpJ5FhfTJVs6_l-YPVGt6uh1IuIQV9GIwVMMY HTTP/1.1", host: "forum.survivalist.com.br"
2022/05/03 04:07:39 [error] 118252#0: *31917 open() "/etc/nginx/http.d/.well-known/acme-challenge/11g7QKVpJ5FhfTJVs6_l-YPVGt6uh1IuIQV9GIwVMMY" failed (2: No such file or directory), client: 64.78.149.164, server: dynmap.survivalist.com.br, request: "GET /.well-known/acme-challenge/11g7QKVpJ5FhfTJVs6_l-YPVGt6uh1IuIQV9GIwVMMY HTTP/1.1", host: "forum.survivalist.com.br"
2022/05/03 13:36:19 [error] 118252#0: *32301 open() "/etc/nginx/http.d/.well-known/acme-challenge/Q5QHU7Q4KO5M5LIYYK9WZUSSRD4GXYSB" failed (2: No such file or directory), client: 192.185.176.212, server: dynmap.survivalist.com.br, request: "GET /.well-known/acme-challenge/Q5QHU7Q4KO5M5LIYYK9WZUSSRD4GXYSB HTTP/1.1", host: "survivalist.com.br"
2022/05/04 00:13:47 [error] 118252#0: r3.o.lencr.org could not be resolved (110: Operation timed out) while requesting certificate status, responder: r3.o.lencr.org, certificate: "/etc/letsencrypt/live/dynmap.survivalist.com.br/fullchain.pem"
2022/05/04 03:59:55 [error] 118252#0: r3.o.lencr.org could not be resolved (110: Operation timed out) while requesting certificate status, responder: r3.o.lencr.org, certificate: "/etc/letsencrypt/live/dynmap.survivalist.com.br/fullchain.pem"
2022/05/04 04:01:52 [error] 118252#0: *33049 open() "/etc/nginx/http.d/.well-known/acme-challenge/jtKR2WXhXThwEoktbxEoBqiaUAiYHC62N6icPvdF0WM" failed (2: No such file or directory), client: 66.133.109.36, server: dynmap.survivalist.com.br, request: "GET /.well-known/acme-challenge/jtKR2WXhXThwEoktbxEoBqiaUAiYHC62N6icPvdF0WM HTTP/1.1", host: "dynmap.survivalist.com.br"
2022/05/04 04:01:52 [error] 118252#0: *33050 open() "/etc/nginx/http.d/.well-known/acme-challenge/jtKR2WXhXThwEoktbxEoBqiaUAiYHC62N6icPvdF0WM" failed (2: No such file or directory), client: 52.15.87.53, server: dynmap.survivalist.com.br, request: "GET /.well-known/acme-challenge/jtKR2WXhXThwEoktbxEoBqiaUAiYHC62N6icPvdF0WM HTTP/1.1", host: "dynmap.survivalist.com.br"
2022/05/04 04:01:56 [error] 118252#0: *33051 open() "/etc/nginx/http.d/.well-known/acme-challenge/few0VVI6OpO8vlFbfwxy4nS8JuoM9S9auKQ0dxZwRsU" failed (2: No such file or directory), client: 66.133.109.36, server: dynmap.survivalist.com.br, request: "GET /.well-known/acme-challenge/few0VVI6OpO8vlFbfwxy4nS8JuoM9S9auKQ0dxZwRsU HTTP/1.1", host: "forum.survivalist.com.br"
2022/05/04 04:01:56 [error] 118252#0: *33052 open() "/etc/nginx/http.d/.well-known/acme-challenge/few0VVI6OpO8vlFbfwxy4nS8JuoM9S9auKQ0dxZwRsU" failed (2: No such file or directory), client: 52.15.87.53, server: dynmap.survivalist.com.br, request: "GET /.well-known/acme-challenge/few0VVI6OpO8vlFbfwxy4nS8JuoM9S9auKQ0dxZwRsU HTTP/1.1", host: "forum.survivalist.com.br"
2022/05/04 04:01:56 [error] 118252#0: *33053 open() "/etc/nginx/http.d/.well-known/acme-challenge/few0VVI6OpO8vlFbfwxy4nS8JuoM9S9auKQ0dxZwRsU" failed (2: No such file or directory), client: 54.186.200.191, server: dynmap.survivalist.com.br, request: "GET /.well-known/acme-challenge/few0VVI6OpO8vlFbfwxy4nS8JuoM9S9auKQ0dxZwRsU HTTP/1.1", host: "forum.survivalist.com.br"
2022/05/04 07:35:32 [error] 118252#0: r3.o.lencr.org could not be resolved (110: Operation timed out) while requesting certificate status, responder: r3.o.lencr.org, certificate: "/etc/letsencrypt/live/dynmap.survivalist.com.br/fullchain.pem"
2022/05/04 11:35:09 [error] 118252#0: r3.o.lencr.org could not be resolved (110: Operation timed out) while requesting certificate status, responder: r3.o.lencr.org, certificate: "/etc/letsencrypt/live/redmine.edtereza.com.br/fullchain.pem"
